2026-01-28 22:52:27,971 p=92989 u=rege n=ansible WARNING| [WARNING]: Deprecation warnings can be disabled by setting `deprecation_warnings=False` in ansible.cfg.

2026-01-28 22:52:27,971 p=92989 u=rege n=ansible INFO| [DEPRECATION WARNING]: DEFAULT_MANAGED_STR option. Reason: The `ansible_managed` variable can be set just like any other variable, or a different variable can be used.
Alternatives: Set the `ansible_managed` variable, or use any custom variable in templates. This feature will be removed from ansible-core version 2.23.


2026-01-28 22:52:28,110 p=92989 u=rege n=ansible WARNING| [WARNING]: Unable to parse /Users/rege/code/ismf-race-logger/ansible/inventory.yml as an inventory source

2026-01-28 22:52:28,110 p=92989 u=rege n=ansible WARNING| [WARNING]: No inventory was parsed, only implicit localhost is available

2026-01-28 22:52:28,114 p=92989 u=rege n=ansible WARNING| [WARNING]: provided hosts list is empty, only localhost is available. Note that the implicit localhost does not match 'all'

2026-01-28 22:52:28,114 p=92989 u=rege n=ansible WARNING| [WARNING]: Could not match supplied host pattern, ignoring: pi5cam

2026-01-28 22:52:28,267 p=92989 u=rege n=ansible ERROR| [ERROR]: The 'community.general.yaml' callback plugin has been removed. The plugin has been superseded by the option `result_format=yaml` in callback plugin ansible.builtin.default from ansible-core 2.13 onwards. This feature was removed from collection 'community.general' version 12.0.0.

2026-01-28 22:55:51,350 p=96018 u=rege n=ansible WARNING| [WARNING]: Deprecation warnings can be disabled by setting `deprecation_warnings=False` in ansible.cfg.

2026-01-28 22:55:51,350 p=96018 u=rege n=ansible INFO| [DEPRECATION WARNING]: DEFAULT_MANAGED_STR option. Reason: The `ansible_managed` variable can be set just like any other variable, or a different variable can be used.
Alternatives: Set the `ansible_managed` variable, or use any custom variable in templates. This feature will be removed from ansible-core version 2.23.


2026-01-28 22:55:55,176 p=96084 u=rege n=ansible WARNING| [WARNING]: Deprecation warnings can be disabled by setting `deprecation_warnings=False` in ansible.cfg.

2026-01-28 22:55:55,176 p=96084 u=rege n=ansible INFO| [DEPRECATION WARNING]: DEFAULT_MANAGED_STR option. Reason: The `ansible_managed` variable can be set just like any other variable, or a different variable can be used.
Alternatives: Set the `ansible_managed` variable, or use any custom variable in templates. This feature will be removed from ansible-core version 2.23.


2026-01-28 22:55:56,124 p=96084 u=rege n=ansible INFO| pi5cam | SUCCESS => {
    "changed": false,
    "ping": "pong"
}
2026-01-28 22:56:00,011 p=96157 u=rege n=ansible WARNING| [WARNING]: Deprecation warnings can be disabled by setting `deprecation_warnings=False` in ansible.cfg.

2026-01-28 22:56:00,011 p=96157 u=rege n=ansible INFO| [DEPRECATION WARNING]: DEFAULT_MANAGED_STR option. Reason: The `ansible_managed` variable can be set just like any other variable, or a different variable can be used.
Alternatives: Set the `ansible_managed` variable, or use any custom variable in templates. This feature will be removed from ansible-core version 2.23.


2026-01-28 22:56:00,210 p=96157 u=rege n=ansible ERROR| [ERROR]: The 'community.general.yaml' callback plugin has been removed. The plugin has been superseded by the option `result_format=yaml` in callback plugin ansible.builtin.default from ansible-core 2.13 onwards. This feature was removed from collection 'community.general' version 12.0.0.

2026-01-28 22:56:13,917 p=96366 u=rege n=ansible WARNING| [WARNING]: Deprecation warnings can be disabled by setting `deprecation_warnings=False` in ansible.cfg.

2026-01-28 22:56:13,917 p=96366 u=rege n=ansible INFO| [DEPRECATION WARNING]: DEFAULT_MANAGED_STR option. Reason: The `ansible_managed` variable can be set just like any other variable, or a different variable can be used.
Alternatives: Set the `ansible_managed` variable, or use any custom variable in templates. This feature will be removed from ansible-core version 2.23.


2026-01-28 22:56:14,112 p=96366 u=rege n=ansible INFO| PLAY [Setup Raspberry Pi Weston Kiosk] *************************************************************************
2026-01-28 22:56:14,117 p=96366 u=rege n=ansible INFO| TASK [Display target host information] *************************************************************************
2026-01-28 22:56:14,117 p=96366 u=rege n=ansible INFO| Wednesday 28 January 2026  22:56:14 +0100 (0:00:00.007)       0:00:00.007 ***** 
2026-01-28 22:56:14,128 p=96366 u=rege n=ansible INFO| ok: [pi5cam] => {
    "msg": "Setting up kiosk on pi5cam\nURL: http://192.168.1.233:3005/?touch=1\nDisplay rotation: rotate-90\nUser: rege\n"
}
2026-01-28 22:56:14,130 p=96366 u=rege n=ansible INFO| TASK [Update apt cache] ****************************************************************************************
2026-01-28 22:56:14,130 p=96366 u=rege n=ansible INFO| Wednesday 28 January 2026  22:56:14 +0100 (0:00:00.012)       0:00:00.020 ***** 
2026-01-28 22:56:18,519 p=96366 u=rege n=ansible INFO| changed: [pi5cam]
2026-01-28 22:56:18,523 p=96366 u=rege n=ansible INFO| TASK [Upgrade all packages] ************************************************************************************
2026-01-28 22:56:18,523 p=96366 u=rege n=ansible INFO| Wednesday 28 January 2026  22:56:18 +0100 (0:00:04.392)       0:00:04.412 ***** 
2026-01-28 22:56:21,330 p=96366 u=rege n=ansible INFO| ok: [pi5cam]
2026-01-28 22:56:21,334 p=96366 u=rege n=ansible INFO| TASK [Set default systemd target to multi-user] ****************************************************************
2026-01-28 22:56:21,334 p=96366 u=rege n=ansible INFO| Wednesday 28 January 2026  22:56:21 +0100 (0:00:02.811)       0:00:07.224 ***** 
2026-01-28 22:56:21,713 p=96366 u=rege n=ansible INFO| ok: [pi5cam]
2026-01-28 22:56:21,717 p=96366 u=rege n=ansible INFO| TASK [Install kiosk packages] **********************************************************************************
2026-01-28 22:56:21,717 p=96366 u=rege n=ansible INFO| Wednesday 28 January 2026  22:56:21 +0100 (0:00:00.382)       0:00:07.607 ***** 
2026-01-28 22:56:23,167 p=96366 u=rege n=ansible INFO| ok: [pi5cam]
2026-01-28 22:56:23,172 p=96366 u=rege n=ansible INFO| TASK [Enable seatd service] ************************************************************************************
2026-01-28 22:56:23,172 p=96366 u=rege n=ansible INFO| Wednesday 28 January 2026  22:56:23 +0100 (0:00:01.454)       0:00:09.061 ***** 
2026-01-28 22:56:23,827 p=96366 u=rege n=ansible INFO| ok: [pi5cam]
2026-01-28 22:56:23,831 p=96366 u=rege n=ansible INFO| TASK [Add user to video group (for seatd access)] **************************************************************
2026-01-28 22:56:23,831 p=96366 u=rege n=ansible INFO| Wednesday 28 January 2026  22:56:23 +0100 (0:00:00.659)       0:00:09.720 ***** 
2026-01-28 22:56:24,284 p=96366 u=rege n=ansible INFO| ok: [pi5cam]
2026-01-28 22:56:24,288 p=96366 u=rege n=ansible INFO| TASK [Enable loginctl linger for kiosk user] *******************************************************************
2026-01-28 22:56:24,288 p=96366 u=rege n=ansible INFO| Wednesday 28 January 2026  22:56:24 +0100 (0:00:00.457)       0:00:10.178 ***** 
2026-01-28 22:56:24,669 p=96366 u=rege n=ansible INFO| ok: [pi5cam]
2026-01-28 22:56:24,672 p=96366 u=rege n=ansible INFO| TASK [Check for getty autologin override] **********************************************************************
2026-01-28 22:56:24,672 p=96366 u=rege n=ansible INFO| Wednesday 28 January 2026  22:56:24 +0100 (0:00:00.384)       0:00:10.562 ***** 
2026-01-28 22:56:25,067 p=96366 u=rege n=ansible INFO| ok: [pi5cam]
2026-01-28 22:56:25,071 p=96366 u=rege n=ansible INFO| TASK [Disable getty autologin if exists] ***********************************************************************
2026-01-28 22:56:25,071 p=96366 u=rege n=ansible INFO| Wednesday 28 January 2026  22:56:25 +0100 (0:00:00.398)       0:00:10.960 ***** 
2026-01-28 22:56:25,079 p=96366 u=rege n=ansible INFO| skipping: [pi5cam]
2026-01-28 22:56:25,082 p=96366 u=rege n=ansible INFO| TASK [Disable bash_profile startx if exists] *******************************************************************
2026-01-28 22:56:25,082 p=96366 u=rege n=ansible INFO| Wednesday 28 January 2026  22:56:25 +0100 (0:00:00.011)       0:00:10.971 ***** 
2026-01-28 22:56:25,385 p=96366 u=rege n=ansible INFO| ok: [pi5cam]
2026-01-28 22:56:25,389 p=96366 u=rege n=ansible INFO| TASK [Remove old autostart entries] ****************************************************************************
2026-01-28 22:56:25,389 p=96366 u=rege n=ansible INFO| Wednesday 28 January 2026  22:56:25 +0100 (0:00:00.307)       0:00:11.278 ***** 
2026-01-28 22:56:25,726 p=96366 u=rege n=ansible INFO| ok: [pi5cam]
2026-01-28 22:56:25,731 p=96366 u=rege n=ansible INFO| TASK [Remove old xinitrc] **************************************************************************************
2026-01-28 22:56:25,731 p=96366 u=rege n=ansible INFO| Wednesday 28 January 2026  22:56:25 +0100 (0:00:00.341)       0:00:11.620 ***** 
2026-01-28 22:56:26,099 p=96366 u=rege n=ansible INFO| ok: [pi5cam]
2026-01-28 22:56:26,103 p=96366 u=rege n=ansible INFO| TASK [Create Weston config directory] **************************************************************************
2026-01-28 22:56:26,103 p=96366 u=rege n=ansible INFO| Wednesday 28 January 2026  22:56:26 +0100 (0:00:00.371)       0:00:11.992 ***** 
2026-01-28 22:56:26,425 p=96366 u=rege n=ansible INFO| ok: [pi5cam]
2026-01-28 22:56:26,430 p=96366 u=rege n=ansible INFO| TASK [Deploy Weston configuration] *****************************************************************************
2026-01-28 22:56:26,430 p=96366 u=rege n=ansible INFO| Wednesday 28 January 2026  22:56:26 +0100 (0:00:00.327)       0:00:12.320 ***** 
2026-01-28 22:56:27,307 p=96366 u=rege n=ansible INFO| changed: [pi5cam]
2026-01-28 22:56:27,310 p=96366 u=rege n=ansible INFO| TASK [Create squeekboard configuration directory] **************************************************************
2026-01-28 22:56:27,310 p=96366 u=rege n=ansible INFO| Wednesday 28 January 2026  22:56:27 +0100 (0:00:00.879)       0:00:13.199 ***** 
2026-01-28 22:56:27,635 p=96366 u=rege n=ansible INFO| changed: [pi5cam]
2026-01-28 22:56:27,639 p=96366 u=rege n=ansible INFO| TASK [Deploy kiosk systemd service] ****************************************************************************
2026-01-28 22:56:27,639 p=96366 u=rege n=ansible INFO| Wednesday 28 January 2026  22:56:27 +0100 (0:00:00.329)       0:00:13.528 ***** 
2026-01-28 22:56:28,404 p=96366 u=rege n=ansible INFO| [DEPRECATION WARNING]: INJECT_FACTS_AS_VARS default to `True` is deprecated, top-level facts will not be auto injected after the change. This feature will be removed from ansible-core version 2.24.
Origin: /Users/rege/code/ismf-race-logger/ansible/templates/kiosk.service.j2

Use `ansible_facts["fact_name"]` (no `ansible_` prefix) instead.


2026-01-28 22:56:28,404 p=96366 u=rege n=ansible INFO| changed: [pi5cam]
2026-01-28 22:56:28,407 p=96366 u=rege n=ansible INFO| TASK [Enable kiosk service] ************************************************************************************
2026-01-28 22:56:28,407 p=96366 u=rege n=ansible INFO| Wednesday 28 January 2026  22:56:28 +0100 (0:00:00.767)       0:00:14.296 ***** 
2026-01-28 22:56:29,221 p=96366 u=rege n=ansible INFO| ok: [pi5cam]
2026-01-28 22:56:29,226 p=96366 u=rege n=ansible INFO| TASK [Backup cmdline.txt] **************************************************************************************
2026-01-28 22:56:29,226 p=96366 u=rege n=ansible INFO| Wednesday 28 January 2026  22:56:29 +0100 (0:00:00.818)       0:00:15.115 ***** 
2026-01-28 22:56:29,601 p=96366 u=rege n=ansible INFO| ok: [pi5cam]
2026-01-28 22:56:29,605 p=96366 u=rege n=ansible INFO| TASK [Read current cmdline.txt] ********************************************************************************
2026-01-28 22:56:29,605 p=96366 u=rege n=ansible INFO| Wednesday 28 January 2026  22:56:29 +0100 (0:00:00.379)       0:00:15.494 ***** 
2026-01-28 22:56:29,975 p=96366 u=rege n=ansible INFO| ok: [pi5cam]
2026-01-28 22:56:29,979 p=96366 u=rege n=ansible INFO| TASK [Update cmdline.txt with optimizations] *******************************************************************
2026-01-28 22:56:29,979 p=96366 u=rege n=ansible INFO| Wednesday 28 January 2026  22:56:29 +0100 (0:00:00.374)       0:00:15.869 ***** 
2026-01-28 22:56:30,005 p=96366 u=rege n=ansible INFO| skipping: [pi5cam]
2026-01-28 22:56:30,008 p=96366 u=rege n=ansible INFO| TASK [Set GPU memory in config.txt] ****************************************************************************
2026-01-28 22:56:30,008 p=96366 u=rege n=ansible INFO| Wednesday 28 January 2026  22:56:30 +0100 (0:00:00.028)       0:00:15.897 ***** 
2026-01-28 22:56:30,429 p=96366 u=rege n=ansible INFO| ok: [pi5cam]
2026-01-28 22:56:30,433 p=96366 u=rege n=ansible INFO| TASK [Disable NetworkManager-wait-online (use NetworkManager instead)] *****************************************
2026-01-28 22:56:30,434 p=96366 u=rege n=ansible INFO| Wednesday 28 January 2026  22:56:30 +0100 (0:00:00.425)       0:00:16.323 ***** 
2026-01-28 22:56:30,969 p=96366 u=rege n=ansible INFO| ok: [pi5cam]
2026-01-28 22:56:30,973 p=96366 u=rege n=ansible INFO| TASK [Enable NetworkManager-wait-online] ***********************************************************************
2026-01-28 22:56:30,973 p=96366 u=rege n=ansible INFO| Wednesday 28 January 2026  22:56:30 +0100 (0:00:00.539)       0:00:16.862 ***** 
2026-01-28 22:56:31,559 p=96366 u=rege n=ansible INFO| ok: [pi5cam]
2026-01-28 22:56:31,563 p=96366 u=rege n=ansible INFO| TASK [Reload systemd daemon] ***********************************************************************************
2026-01-28 22:56:31,563 p=96366 u=rege n=ansible INFO| Wednesday 28 January 2026  22:56:31 +0100 (0:00:00.589)       0:00:17.452 ***** 
2026-01-28 22:56:32,375 p=96366 u=rege n=ansible INFO| ok: [pi5cam]
2026-01-28 22:56:32,379 p=96366 u=rege n=ansible INFO| TASK [Display completion message] ******************************************************************************
2026-01-28 22:56:32,379 p=96366 u=rege n=ansible INFO| Wednesday 28 January 2026  22:56:32 +0100 (0:00:00.816)       0:00:18.268 ***** 
2026-01-28 22:56:32,393 p=96366 u=rege n=ansible INFO| ok: [pi5cam] => {
    "msg": "============================================================\nKiosk setup complete!\n============================================================\n\nThe kiosk will start automatically on next boot.\n\nConfiguration:\n  - URL: http://192.168.1.233:3005/?touch=1\n  - Display rotation: rotate-90\n  - Service: kiosk.service\n\nTo manually control the kiosk:\n  sudo systemctl start kiosk.service\n  sudo systemctl stop kiosk.service\n  sudo systemctl restart kiosk.service\n  sudo journalctl -u kiosk.service -f\n\nEmergency access:\n  - SSH: ssh rege@pi5cam.local\n  - Console: Press CTRL+ALT+F2\n\nReboot required to apply all changes.\n============================================================\n"
}
2026-01-28 22:56:32,397 p=96366 u=rege n=ansible INFO| RUNNING HANDLER [restart kiosk] ********************************************************************************
2026-01-28 22:56:32,397 p=96366 u=rege n=ansible INFO| Wednesday 28 January 2026  22:56:32 +0100 (0:00:00.018)       0:00:18.287 ***** 
2026-01-28 22:56:36,678 p=96366 u=rege n=ansible INFO| changed: [pi5cam]
2026-01-28 22:56:36,678 p=96366 u=rege n=ansible INFO| PLAY RECAP *****************************************************************************************************
2026-01-28 22:56:36,679 p=96366 u=rege n=ansible INFO| pi5cam                     : ok=25   changed=5    unreachable=0    failed=0    skipped=2    rescued=0    ignored=0   
2026-01-28 22:56:36,679 p=96366 u=rege n=ansible INFO| PLAYBOOK RECAP *************************************************************************************************
2026-01-28 22:56:36,679 p=96366 u=rege n=ansible INFO| Playbook run took 0 days, 0 hours, 0 minutes, 22 seconds

2026-01-28 22:56:36,679 p=96366 u=rege n=ansible INFO| TASKS RECAP ****************************************************************************************************
2026-01-28 22:56:36,679 p=96366 u=rege n=ansible INFO| Wednesday 28 January 2026  22:56:36 +0100 (0:00:04.281)       0:00:22.568 ***** 
2026-01-28 22:56:36,679 p=96366 u=rege n=ansible INFO| =============================================================================== 
2026-01-28 22:56:36,679 p=96366 u=rege n=ansible INFO| Update apt cache ---------------------------------------------------------------------------------------- 4.39s
2026-01-28 22:56:36,679 p=96366 u=rege n=ansible INFO| restart kiosk ------------------------------------------------------------------------------------------- 4.28s
2026-01-28 22:56:36,679 p=96366 u=rege n=ansible INFO| Upgrade all packages ------------------------------------------------------------------------------------ 2.81s
2026-01-28 22:56:36,679 p=96366 u=rege n=ansible INFO| Install kiosk packages ---------------------------------------------------------------------------------- 1.45s
2026-01-28 22:56:36,679 p=96366 u=rege n=ansible INFO| Deploy Weston configuration ----------------------------------------------------------------------------- 0.88s
2026-01-28 22:56:36,679 p=96366 u=rege n=ansible INFO| Enable kiosk service ------------------------------------------------------------------------------------ 0.82s
2026-01-28 22:56:36,679 p=96366 u=rege n=ansible INFO| Reload systemd daemon ----------------------------------------------------------------------------------- 0.82s
2026-01-28 22:56:36,679 p=96366 u=rege n=ansible INFO| Deploy kiosk systemd service ---------------------------------------------------------------------------- 0.77s
2026-01-28 22:56:36,679 p=96366 u=rege n=ansible INFO| Enable seatd service ------------------------------------------------------------------------------------ 0.66s
2026-01-28 22:56:36,679 p=96366 u=rege n=ansible INFO| Enable NetworkManager-wait-online ----------------------------------------------------------------------- 0.59s
2026-01-28 22:56:36,679 p=96366 u=rege n=ansible INFO| Disable NetworkManager-wait-online (use NetworkManager instead) ----------------------------------------- 0.54s
2026-01-28 22:56:36,679 p=96366 u=rege n=ansible INFO| Add user to video group (for seatd access) -------------------------------------------------------------- 0.46s
2026-01-28 22:56:36,679 p=96366 u=rege n=ansible INFO| Set GPU memory in config.txt ---------------------------------------------------------------------------- 0.43s
2026-01-28 22:56:36,679 p=96366 u=rege n=ansible INFO| Check for getty autologin override ---------------------------------------------------------------------- 0.40s
2026-01-28 22:56:36,679 p=96366 u=rege n=ansible INFO| Enable loginctl linger for kiosk user ------------------------------------------------------------------- 0.38s
2026-01-28 22:56:36,679 p=96366 u=rege n=ansible INFO| Set default systemd target to multi-user ---------------------------------------------------------------- 0.38s
2026-01-28 22:56:36,679 p=96366 u=rege n=ansible INFO| Backup cmdline.txt -------------------------------------------------------------------------------------- 0.38s
2026-01-28 22:56:36,679 p=96366 u=rege n=ansible INFO| Read current cmdline.txt -------------------------------------------------------------------------------- 0.37s
2026-01-28 22:56:36,679 p=96366 u=rege n=ansible INFO| Remove old xinitrc -------------------------------------------------------------------------------------- 0.37s
2026-01-28 22:56:36,679 p=96366 u=rege n=ansible INFO| Remove old autostart entries ---------------------------------------------------------------------------- 0.34s
2026-01-28 22:57:04,028 p=97356 u=rege n=ansible WARNING| [WARNING]: Deprecation warnings can be disabled by setting `deprecation_warnings=False` in ansible.cfg.

2026-01-28 22:57:04,028 p=97356 u=rege n=ansible INFO| [DEPRECATION WARNING]: DEFAULT_MANAGED_STR option. Reason: The `ansible_managed` variable can be set just like any other variable, or a different variable can be used.
Alternatives: Set the `ansible_managed` variable, or use any custom variable in templates. This feature will be removed from ansible-core version 2.23.


2026-01-28 22:57:04,323 p=97356 u=rege n=ansible INFO| PLAY [Setup Raspberry Pi Weston Kiosk] *************************************************************************
2026-01-28 22:57:04,327 p=97356 u=rege n=ansible INFO| PLAY RECAP *****************************************************************************************************
2026-01-28 22:57:04,327 p=97356 u=rege n=ansible INFO| PLAYBOOK RECAP *************************************************************************************************
2026-01-28 22:57:04,327 p=97356 u=rege n=ansible INFO| Playbook run took 0 days, 0 hours, 0 minutes, 0 seconds

2026-01-28 22:57:04,327 p=97356 u=rege n=ansible INFO| TASKS RECAP ****************************************************************************************************
2026-01-28 22:57:04,327 p=97356 u=rege n=ansible INFO| Wednesday 28 January 2026  22:57:04 +0100 (0:00:00.005)       0:00:00.005 ***** 
2026-01-28 22:57:04,327 p=97356 u=rege n=ansible INFO| =============================================================================== 
2026-01-28 22:57:09,015 p=97513 u=rege n=ansible WARNING| [WARNING]: Deprecation warnings can be disabled by setting `deprecation_warnings=False` in ansible.cfg.

2026-01-28 22:57:09,015 p=97513 u=rege n=ansible INFO| [DEPRECATION WARNING]: DEFAULT_MANAGED_STR option. Reason: The `ansible_managed` variable can be set just like any other variable, or a different variable can be used.
Alternatives: Set the `ansible_managed` variable, or use any custom variable in templates. This feature will be removed from ansible-core version 2.23.


2026-01-28 22:57:09,192 p=97513 u=rege n=ansible INFO| PLAY [Setup Raspberry Pi Weston Kiosk] *****************************************
2026-01-28 22:57:09,197 p=97513 u=rege n=ansible INFO| TASK [Display target host information] *****************************************
2026-01-28 22:57:09,197 p=97513 u=rege n=ansible INFO| Wednesday 28 January 2026  22:57:09 +0100 (0:00:00.005)       0:00:00.005 ***** 
2026-01-28 22:57:09,208 p=97513 u=rege n=ansible INFO| ok: [pi5cam] => {
    "msg": "Setting up kiosk on pi5cam\nURL: http://192.168.1.233:3005/?touch=1\nDisplay rotation: rotate-90\nUser: rege\n"
}
2026-01-28 22:57:09,210 p=97513 u=rege n=ansible INFO| TASK [Update apt cache] ********************************************************
2026-01-28 22:57:09,210 p=97513 u=rege n=ansible INFO| Wednesday 28 January 2026  22:57:09 +0100 (0:00:00.013)       0:00:00.019 ***** 
2026-01-28 22:57:10,401 p=97513 u=rege n=ansible INFO| ok: [pi5cam]
2026-01-28 22:57:10,404 p=97513 u=rege n=ansible INFO| TASK [Upgrade all packages] ****************************************************
2026-01-28 22:57:10,404 p=97513 u=rege n=ansible INFO| Wednesday 28 January 2026  22:57:10 +0100 (0:00:01.194)       0:00:01.213 ***** 
2026-01-28 22:57:13,233 p=97513 u=rege n=ansible INFO| ok: [pi5cam]
2026-01-28 22:57:13,238 p=97513 u=rege n=ansible INFO| TASK [Set default systemd target to multi-user] ********************************
2026-01-28 22:57:13,238 p=97513 u=rege n=ansible INFO| Wednesday 28 January 2026  22:57:13 +0100 (0:00:02.833)       0:00:04.047 ***** 
2026-01-28 22:57:13,609 p=97513 u=rege n=ansible INFO| ok: [pi5cam]
2026-01-28 22:57:13,613 p=97513 u=rege n=ansible INFO| TASK [Install kiosk packages] **************************************************
2026-01-28 22:57:13,613 p=97513 u=rege n=ansible INFO| Wednesday 28 January 2026  22:57:13 +0100 (0:00:00.375)       0:00:04.422 ***** 
2026-01-28 22:57:15,021 p=97513 u=rege n=ansible INFO| ok: [pi5cam]
2026-01-28 22:57:15,024 p=97513 u=rege n=ansible INFO| TASK [Enable seatd service] ****************************************************
2026-01-28 22:57:15,024 p=97513 u=rege n=ansible INFO| Wednesday 28 January 2026  22:57:15 +0100 (0:00:01.411)       0:00:05.833 ***** 
2026-01-28 22:57:15,643 p=97513 u=rege n=ansible INFO| ok: [pi5cam]
2026-01-28 22:57:15,647 p=97513 u=rege n=ansible INFO| TASK [Add user to video group (for seatd access)] ******************************
2026-01-28 22:57:15,647 p=97513 u=rege n=ansible INFO| Wednesday 28 January 2026  22:57:15 +0100 (0:00:00.622)       0:00:06.456 ***** 
2026-01-28 22:57:16,087 p=97513 u=rege n=ansible INFO| ok: [pi5cam]
2026-01-28 22:57:16,092 p=97513 u=rege n=ansible INFO| TASK [Enable loginctl linger for kiosk user] ***********************************
2026-01-28 22:57:16,092 p=97513 u=rege n=ansible INFO| Wednesday 28 January 2026  22:57:16 +0100 (0:00:00.444)       0:00:06.901 ***** 
2026-01-28 22:57:16,469 p=97513 u=rege n=ansible INFO| ok: [pi5cam]
2026-01-28 22:57:16,473 p=97513 u=rege n=ansible INFO| TASK [Check for getty autologin override] **************************************
2026-01-28 22:57:16,473 p=97513 u=rege n=ansible INFO| Wednesday 28 January 2026  22:57:16 +0100 (0:00:00.380)       0:00:07.282 ***** 
2026-01-28 22:57:16,842 p=97513 u=rege n=ansible INFO| ok: [pi5cam]
2026-01-28 22:57:16,846 p=97513 u=rege n=ansible INFO| TASK [Disable getty autologin if exists] ***************************************
2026-01-28 22:57:16,846 p=97513 u=rege n=ansible INFO| Wednesday 28 January 2026  22:57:16 +0100 (0:00:00.373)       0:00:07.655 ***** 
2026-01-28 22:57:16,855 p=97513 u=rege n=ansible INFO| skipping: [pi5cam]
2026-01-28 22:57:16,858 p=97513 u=rege n=ansible INFO| TASK [Disable bash_profile startx if exists] ***********************************
2026-01-28 22:57:16,858 p=97513 u=rege n=ansible INFO| Wednesday 28 January 2026  22:57:16 +0100 (0:00:00.011)       0:00:07.667 ***** 
2026-01-28 22:57:17,185 p=97513 u=rege n=ansible INFO| ok: [pi5cam]
2026-01-28 22:57:17,188 p=97513 u=rege n=ansible INFO| TASK [Remove old autostart entries] ********************************************
2026-01-28 22:57:17,188 p=97513 u=rege n=ansible INFO| Wednesday 28 January 2026  22:57:17 +0100 (0:00:00.330)       0:00:07.997 ***** 
2026-01-28 22:57:17,516 p=97513 u=rege n=ansible INFO| ok: [pi5cam]
2026-01-28 22:57:17,520 p=97513 u=rege n=ansible INFO| TASK [Remove old xinitrc] ******************************************************
2026-01-28 22:57:17,520 p=97513 u=rege n=ansible INFO| Wednesday 28 January 2026  22:57:17 +0100 (0:00:00.331)       0:00:08.329 ***** 
2026-01-28 22:57:17,943 p=97513 u=rege n=ansible INFO| ok: [pi5cam]
2026-01-28 22:57:17,947 p=97513 u=rege n=ansible INFO| TASK [Create Weston config directory] ******************************************
2026-01-28 22:57:17,947 p=97513 u=rege n=ansible INFO| Wednesday 28 January 2026  22:57:17 +0100 (0:00:00.427)       0:00:08.756 ***** 
2026-01-28 22:57:18,353 p=97513 u=rege n=ansible INFO| ok: [pi5cam]
2026-01-28 22:57:18,358 p=97513 u=rege n=ansible INFO| TASK [Deploy Weston configuration] *********************************************
2026-01-28 22:57:18,359 p=97513 u=rege n=ansible INFO| Wednesday 28 January 2026  22:57:18 +0100 (0:00:00.411)       0:00:09.167 ***** 
2026-01-28 22:57:19,112 p=97513 u=rege n=ansible INFO| ok: [pi5cam]
2026-01-28 22:57:19,116 p=97513 u=rege n=ansible INFO| TASK [Create squeekboard configuration directory] ******************************
2026-01-28 22:57:19,116 p=97513 u=rege n=ansible INFO| Wednesday 28 January 2026  22:57:19 +0100 (0:00:00.757)       0:00:09.925 ***** 
2026-01-28 22:57:19,481 p=97513 u=rege n=ansible INFO| ok: [pi5cam]
2026-01-28 22:57:19,485 p=97513 u=rege n=ansible INFO| TASK [Deploy kiosk systemd service] ********************************************
2026-01-28 22:57:19,485 p=97513 u=rege n=ansible INFO| Wednesday 28 January 2026  22:57:19 +0100 (0:00:00.368)       0:00:10.294 ***** 
2026-01-28 22:57:20,420 p=97513 u=rege n=ansible INFO| changed: [pi5cam]
2026-01-28 22:57:20,423 p=97513 u=rege n=ansible INFO| TASK [Enable kiosk service] ****************************************************
2026-01-28 22:57:20,423 p=97513 u=rege n=ansible INFO| Wednesday 28 January 2026  22:57:20 +0100 (0:00:00.938)       0:00:11.232 ***** 
2026-01-28 22:57:21,334 p=97513 u=rege n=ansible INFO| ok: [pi5cam]
2026-01-28 22:57:21,338 p=97513 u=rege n=ansible INFO| TASK [Backup cmdline.txt] ******************************************************
2026-01-28 22:57:21,338 p=97513 u=rege n=ansible INFO| Wednesday 28 January 2026  22:57:21 +0100 (0:00:00.914)       0:00:12.147 ***** 
2026-01-28 22:57:21,719 p=97513 u=rege n=ansible INFO| ok: [pi5cam]
2026-01-28 22:57:21,722 p=97513 u=rege n=ansible INFO| TASK [Read current cmdline.txt] ************************************************
2026-01-28 22:57:21,722 p=97513 u=rege n=ansible INFO| Wednesday 28 January 2026  22:57:21 +0100 (0:00:00.383)       0:00:12.531 ***** 
2026-01-28 22:57:22,095 p=97513 u=rege n=ansible INFO| ok: [pi5cam]
2026-01-28 22:57:22,098 p=97513 u=rege n=ansible INFO| TASK [Update cmdline.txt with optimizations] ***********************************
2026-01-28 22:57:22,098 p=97513 u=rege n=ansible INFO| Wednesday 28 January 2026  22:57:22 +0100 (0:00:00.375)       0:00:12.907 ***** 
2026-01-28 22:57:22,123 p=97513 u=rege n=ansible INFO| skipping: [pi5cam]
2026-01-28 22:57:22,125 p=97513 u=rege n=ansible INFO| TASK [Set GPU memory in config.txt] ********************************************
2026-01-28 22:57:22,125 p=97513 u=rege n=ansible INFO| Wednesday 28 January 2026  22:57:22 +0100 (0:00:00.027)       0:00:12.934 ***** 
2026-01-28 22:57:22,504 p=97513 u=rege n=ansible INFO| ok: [pi5cam]
2026-01-28 22:57:22,507 p=97513 u=rege n=ansible INFO| TASK [Disable NetworkManager-wait-online (use NetworkManager instead)] *********
2026-01-28 22:57:22,507 p=97513 u=rege n=ansible INFO| Wednesday 28 January 2026  22:57:22 +0100 (0:00:00.382)       0:00:13.316 ***** 
2026-01-28 22:57:23,034 p=97513 u=rege n=ansible INFO| ok: [pi5cam]
2026-01-28 22:57:23,038 p=97513 u=rege n=ansible INFO| TASK [Enable NetworkManager-wait-online] ***************************************
2026-01-28 22:57:23,038 p=97513 u=rege n=ansible INFO| Wednesday 28 January 2026  22:57:23 +0100 (0:00:00.530)       0:00:13.847 ***** 
2026-01-28 22:57:23,589 p=97513 u=rege n=ansible INFO| ok: [pi5cam]
2026-01-28 22:57:23,593 p=97513 u=rege n=ansible INFO| TASK [Reload systemd daemon] ***************************************************
2026-01-28 22:57:23,593 p=97513 u=rege n=ansible INFO| Wednesday 28 January 2026  22:57:23 +0100 (0:00:00.554)       0:00:14.402 ***** 
2026-01-28 22:57:24,441 p=97513 u=rege n=ansible INFO| ok: [pi5cam]
2026-01-28 22:57:24,445 p=97513 u=rege n=ansible INFO| TASK [Display completion message] **********************************************
2026-01-28 22:57:24,445 p=97513 u=rege n=ansible INFO| Wednesday 28 January 2026  22:57:24 +0100 (0:00:00.852)       0:00:15.254 ***** 
2026-01-28 22:57:24,461 p=97513 u=rege n=ansible INFO| ok: [pi5cam] => {
    "msg": "============================================================\nKiosk setup complete!\n============================================================\n\nThe kiosk will start automatically on next boot.\n\nConfiguration:\n  - URL: http://192.168.1.233:3005/?touch=1\n  - Display rotation: rotate-90\n  - Service: kiosk.service\n\nTo manually control the kiosk:\n  sudo systemctl start kiosk.service\n  sudo systemctl stop kiosk.service\n  sudo systemctl restart kiosk.service\n  sudo journalctl -u kiosk.service -f\n\nEmergency access:\n  - SSH: ssh rege@pi5cam.local\n  - Console: Press CTRL+ALT+F2\n\nReboot required to apply all changes.\n============================================================\n"
}
2026-01-28 22:57:24,466 p=97513 u=rege n=ansible INFO| RUNNING HANDLER [restart kiosk] ************************************************
2026-01-28 22:57:24,466 p=97513 u=rege n=ansible INFO| Wednesday 28 January 2026  22:57:24 +0100 (0:00:00.020)       0:00:15.275 ***** 
2026-01-28 22:57:28,731 p=97513 u=rege n=ansible INFO| changed: [pi5cam]
2026-01-28 22:57:28,732 p=97513 u=rege n=ansible INFO| PLAY RECAP *********************************************************************
2026-01-28 22:57:28,732 p=97513 u=rege n=ansible INFO| pi5cam                     : ok=25   changed=2    unreachable=0    failed=0    skipped=2    rescued=0    ignored=0   
2026-01-28 22:57:28,732 p=97513 u=rege n=ansible INFO| PLAYBOOK RECAP *****************************************************************
2026-01-28 22:57:28,732 p=97513 u=rege n=ansible INFO| Playbook run took 0 days, 0 hours, 0 minutes, 19 seconds

2026-01-28 22:57:28,732 p=97513 u=rege n=ansible INFO| TASKS RECAP ********************************************************************
2026-01-28 22:57:28,732 p=97513 u=rege n=ansible INFO| Wednesday 28 January 2026  22:57:28 +0100 (0:00:04.266)       0:00:19.541 ***** 
2026-01-28 22:57:28,732 p=97513 u=rege n=ansible INFO| =============================================================================== 
2026-01-28 22:57:28,733 p=97513 u=rege n=ansible INFO| restart kiosk ----------------------------------------------------------- 4.27s
2026-01-28 22:57:28,733 p=97513 u=rege n=ansible INFO| Upgrade all packages ---------------------------------------------------- 2.83s
2026-01-28 22:57:28,733 p=97513 u=rege n=ansible INFO| Install kiosk packages -------------------------------------------------- 1.41s
2026-01-28 22:57:28,733 p=97513 u=rege n=ansible INFO| Update apt cache -------------------------------------------------------- 1.19s
2026-01-28 22:57:28,733 p=97513 u=rege n=ansible INFO| Deploy kiosk systemd service -------------------------------------------- 0.94s
2026-01-28 22:57:28,733 p=97513 u=rege n=ansible INFO| Enable kiosk service ---------------------------------------------------- 0.91s
2026-01-28 22:57:28,733 p=97513 u=rege n=ansible INFO| Reload systemd daemon --------------------------------------------------- 0.85s
2026-01-28 22:57:28,733 p=97513 u=rege n=ansible INFO| Deploy Weston configuration --------------------------------------------- 0.76s
2026-01-28 22:57:28,733 p=97513 u=rege n=ansible INFO| Enable seatd service ---------------------------------------------------- 0.62s
2026-01-28 22:57:28,733 p=97513 u=rege n=ansible INFO| Enable NetworkManager-wait-online --------------------------------------- 0.55s
2026-01-28 22:57:28,733 p=97513 u=rege n=ansible INFO| Disable NetworkManager-wait-online (use NetworkManager instead) --------- 0.53s
2026-01-28 22:57:28,733 p=97513 u=rege n=ansible INFO| Add user to video group (for seatd access) ------------------------------ 0.44s
2026-01-28 22:57:28,733 p=97513 u=rege n=ansible INFO| Remove old xinitrc ------------------------------------------------------ 0.43s
2026-01-28 22:57:28,733 p=97513 u=rege n=ansible INFO| Create Weston config directory ------------------------------------------ 0.41s
2026-01-28 22:57:28,733 p=97513 u=rege n=ansible INFO| Backup cmdline.txt ------------------------------------------------------ 0.38s
2026-01-28 22:57:28,733 p=97513 u=rege n=ansible INFO| Set GPU memory in config.txt -------------------------------------------- 0.38s
2026-01-28 22:57:28,733 p=97513 u=rege n=ansible INFO| Enable loginctl linger for kiosk user ----------------------------------- 0.38s
2026-01-28 22:57:28,733 p=97513 u=rege n=ansible INFO| Read current cmdline.txt ------------------------------------------------ 0.38s
2026-01-28 22:57:28,733 p=97513 u=rege n=ansible INFO| Set default systemd target to multi-user -------------------------------- 0.38s
2026-01-28 22:57:28,733 p=97513 u=rege n=ansible INFO| Check for getty autologin override -------------------------------------- 0.37s
2026-01-28 22:58:12,888 p=99437 u=rege n=ansible WARNING| [WARNING]: Deprecation warnings can be disabled by setting `deprecation_warnings=False` in ansible.cfg.

2026-01-28 22:58:12,888 p=99437 u=rege n=ansible INFO| [DEPRECATION WARNING]: DEFAULT_MANAGED_STR option. Reason: The `ansible_managed` variable can be set just like any other variable, or a different variable can be used.
Alternatives: Set the `ansible_managed` variable, or use any custom variable in templates. This feature will be removed from ansible-core version 2.23.


2026-01-28 22:58:13,165 p=99437 u=rege n=ansible INFO| PLAY [Setup Raspberry Pi Weston Kiosk] *****************************************
2026-01-28 22:58:13,170 p=99437 u=rege n=ansible INFO| TASK [Display target host information] *****************************************
2026-01-28 22:58:13,170 p=99437 u=rege n=ansible INFO| Wednesday 28 January 2026  22:58:13 +0100 (0:00:00.006)       0:00:00.006 ***** 
2026-01-28 22:58:13,181 p=99437 u=rege n=ansible INFO| ok: [pi5cam] => {
    "msg": "Setting up kiosk on pi5cam\nURL: http://192.168.1.233:3005/?touch=1\nDisplay rotation: rotate-90\nUser: rege\n"
}
2026-01-28 22:58:13,183 p=99437 u=rege n=ansible INFO| TASK [Update apt cache] ********************************************************
2026-01-28 22:58:13,183 p=99437 u=rege n=ansible INFO| Wednesday 28 January 2026  22:58:13 +0100 (0:00:00.012)       0:00:00.018 ***** 
2026-01-28 22:58:14,368 p=99437 u=rege n=ansible INFO| ok: [pi5cam]
2026-01-28 22:58:14,371 p=99437 u=rege n=ansible INFO| TASK [Upgrade all packages] ****************************************************
2026-01-28 22:58:14,371 p=99437 u=rege n=ansible INFO| Wednesday 28 January 2026  22:58:14 +0100 (0:00:01.188)       0:00:01.207 ***** 
2026-01-28 22:58:17,214 p=99437 u=rege n=ansible INFO| ok: [pi5cam]
2026-01-28 22:58:17,218 p=99437 u=rege n=ansible INFO| TASK [Set default systemd target to multi-user] ********************************
2026-01-28 22:58:17,218 p=99437 u=rege n=ansible INFO| Wednesday 28 January 2026  22:58:17 +0100 (0:00:02.847)       0:00:04.054 ***** 
2026-01-28 22:58:17,599 p=99437 u=rege n=ansible INFO| ok: [pi5cam]
2026-01-28 22:58:17,603 p=99437 u=rege n=ansible INFO| TASK [Install kiosk packages] **************************************************
2026-01-28 22:58:17,603 p=99437 u=rege n=ansible INFO| Wednesday 28 January 2026  22:58:17 +0100 (0:00:00.385)       0:00:04.439 ***** 
2026-01-28 22:58:19,008 p=99437 u=rege n=ansible INFO| ok: [pi5cam]
2026-01-28 22:58:19,012 p=99437 u=rege n=ansible INFO| TASK [Enable seatd service] ****************************************************
2026-01-28 22:58:19,012 p=99437 u=rege n=ansible INFO| Wednesday 28 January 2026  22:58:19 +0100 (0:00:01.408)       0:00:05.848 ***** 
2026-01-28 22:58:19,615 p=99437 u=rege n=ansible INFO| ok: [pi5cam]
2026-01-28 22:58:19,619 p=99437 u=rege n=ansible INFO| TASK [Add user to video group (for seatd access)] ******************************
2026-01-28 22:58:19,619 p=99437 u=rege n=ansible INFO| Wednesday 28 January 2026  22:58:19 +0100 (0:00:00.606)       0:00:06.454 ***** 
2026-01-28 22:58:20,100 p=99437 u=rege n=ansible INFO| ok: [pi5cam]
2026-01-28 22:58:20,104 p=99437 u=rege n=ansible INFO| TASK [Enable loginctl linger for kiosk user] ***********************************
2026-01-28 22:58:20,105 p=99437 u=rege n=ansible INFO| Wednesday 28 January 2026  22:58:20 +0100 (0:00:00.485)       0:00:06.940 ***** 
2026-01-28 22:58:20,539 p=99437 u=rege n=ansible INFO| ok: [pi5cam]
2026-01-28 22:58:20,543 p=99437 u=rege n=ansible INFO| TASK [Check for getty autologin override] **************************************
2026-01-28 22:58:20,543 p=99437 u=rege n=ansible INFO| Wednesday 28 January 2026  22:58:20 +0100 (0:00:00.438)       0:00:07.378 ***** 
2026-01-28 22:58:20,924 p=99437 u=rege n=ansible INFO| ok: [pi5cam]
2026-01-28 22:58:20,928 p=99437 u=rege n=ansible INFO| TASK [Disable getty autologin if exists] ***************************************
2026-01-28 22:58:20,928 p=99437 u=rege n=ansible INFO| Wednesday 28 January 2026  22:58:20 +0100 (0:00:00.385)       0:00:07.764 ***** 
2026-01-28 22:58:20,939 p=99437 u=rege n=ansible INFO| skipping: [pi5cam]
2026-01-28 22:58:20,942 p=99437 u=rege n=ansible INFO| TASK [Disable bash_profile startx if exists] ***********************************
2026-01-28 22:58:20,942 p=99437 u=rege n=ansible INFO| Wednesday 28 January 2026  22:58:20 +0100 (0:00:00.014)       0:00:07.778 ***** 
2026-01-28 22:58:21,262 p=99437 u=rege n=ansible INFO| ok: [pi5cam]
2026-01-28 22:58:21,266 p=99437 u=rege n=ansible INFO| TASK [Remove old autostart entries] ********************************************
2026-01-28 22:58:21,267 p=99437 u=rege n=ansible INFO| Wednesday 28 January 2026  22:58:21 +0100 (0:00:00.324)       0:00:08.102 ***** 
2026-01-28 22:58:21,598 p=99437 u=rege n=ansible INFO| ok: [pi5cam]
2026-01-28 22:58:21,602 p=99437 u=rege n=ansible INFO| TASK [Remove old xinitrc] ******************************************************
2026-01-28 22:58:21,602 p=99437 u=rege n=ansible INFO| Wednesday 28 January 2026  22:58:21 +0100 (0:00:00.335)       0:00:08.438 ***** 
2026-01-28 22:58:21,947 p=99437 u=rege n=ansible INFO| ok: [pi5cam]
2026-01-28 22:58:21,951 p=99437 u=rege n=ansible INFO| TASK [Create Weston config directory] ******************************************
2026-01-28 22:58:21,951 p=99437 u=rege n=ansible INFO| Wednesday 28 January 2026  22:58:21 +0100 (0:00:00.348)       0:00:08.787 ***** 
2026-01-28 22:58:22,295 p=99437 u=rege n=ansible INFO| ok: [pi5cam]
2026-01-28 22:58:22,300 p=99437 u=rege n=ansible INFO| TASK [Deploy Weston configuration] *********************************************
2026-01-28 22:58:22,300 p=99437 u=rege n=ansible INFO| Wednesday 28 January 2026  22:58:22 +0100 (0:00:00.349)       0:00:09.136 ***** 
2026-01-28 22:58:23,015 p=99437 u=rege n=ansible INFO| ok: [pi5cam]
2026-01-28 22:58:23,019 p=99437 u=rege n=ansible INFO| TASK [Create squeekboard configuration directory] ******************************
2026-01-28 22:58:23,019 p=99437 u=rege n=ansible INFO| Wednesday 28 January 2026  22:58:23 +0100 (0:00:00.718)       0:00:09.855 ***** 
2026-01-28 22:58:23,340 p=99437 u=rege n=ansible INFO| ok: [pi5cam]
2026-01-28 22:58:23,344 p=99437 u=rege n=ansible INFO| TASK [Deploy kiosk systemd service] ********************************************
2026-01-28 22:58:23,344 p=99437 u=rege n=ansible INFO| Wednesday 28 January 2026  22:58:23 +0100 (0:00:00.325)       0:00:10.180 ***** 
2026-01-28 22:58:24,216 p=99437 u=rege n=ansible INFO| changed: [pi5cam]
2026-01-28 22:58:24,220 p=99437 u=rege n=ansible INFO| TASK [Enable kiosk service] ****************************************************
2026-01-28 22:58:24,220 p=99437 u=rege n=ansible INFO| Wednesday 28 January 2026  22:58:24 +0100 (0:00:00.875)       0:00:11.055 ***** 
2026-01-28 22:58:25,126 p=99437 u=rege n=ansible INFO| ok: [pi5cam]
2026-01-28 22:58:25,131 p=99437 u=rege n=ansible INFO| TASK [Backup cmdline.txt] ******************************************************
2026-01-28 22:58:25,131 p=99437 u=rege n=ansible INFO| Wednesday 28 January 2026  22:58:25 +0100 (0:00:00.911)       0:00:11.967 ***** 
2026-01-28 22:58:25,501 p=99437 u=rege n=ansible INFO| ok: [pi5cam]
2026-01-28 22:58:25,505 p=99437 u=rege n=ansible INFO| TASK [Read current cmdline.txt] ************************************************
2026-01-28 22:58:25,505 p=99437 u=rege n=ansible INFO| Wednesday 28 January 2026  22:58:25 +0100 (0:00:00.373)       0:00:12.341 ***** 
2026-01-28 22:58:25,862 p=99437 u=rege n=ansible INFO| ok: [pi5cam]
2026-01-28 22:58:25,866 p=99437 u=rege n=ansible INFO| TASK [Update cmdline.txt with optimizations] ***********************************
2026-01-28 22:58:25,866 p=99437 u=rege n=ansible INFO| Wednesday 28 January 2026  22:58:25 +0100 (0:00:00.361)       0:00:12.702 ***** 
2026-01-28 22:58:25,894 p=99437 u=rege n=ansible INFO| skipping: [pi5cam]
2026-01-28 22:58:25,896 p=99437 u=rege n=ansible INFO| TASK [Set GPU memory in config.txt] ********************************************
2026-01-28 22:58:25,896 p=99437 u=rege n=ansible INFO| Wednesday 28 January 2026  22:58:25 +0100 (0:00:00.029)       0:00:12.732 ***** 
2026-01-28 22:58:26,257 p=99437 u=rege n=ansible INFO| ok: [pi5cam]
2026-01-28 22:58:26,261 p=99437 u=rege n=ansible INFO| TASK [Disable NetworkManager-wait-online (use NetworkManager instead)] *********
2026-01-28 22:58:26,262 p=99437 u=rege n=ansible INFO| Wednesday 28 January 2026  22:58:26 +0100 (0:00:00.365)       0:00:13.097 ***** 
2026-01-28 22:58:26,779 p=99437 u=rege n=ansible INFO| ok: [pi5cam]
2026-01-28 22:58:26,783 p=99437 u=rege n=ansible INFO| TASK [Enable NetworkManager-wait-online] ***************************************
2026-01-28 22:58:26,783 p=99437 u=rege n=ansible INFO| Wednesday 28 January 2026  22:58:26 +0100 (0:00:00.521)       0:00:13.619 ***** 
2026-01-28 22:58:27,379 p=99437 u=rege n=ansible INFO| ok: [pi5cam]
2026-01-28 22:58:27,383 p=99437 u=rege n=ansible INFO| TASK [Reload systemd daemon] ***************************************************
2026-01-28 22:58:27,383 p=99437 u=rege n=ansible INFO| Wednesday 28 January 2026  22:58:27 +0100 (0:00:00.600)       0:00:14.219 ***** 
2026-01-28 22:58:28,313 p=99437 u=rege n=ansible INFO| ok: [pi5cam]
2026-01-28 22:58:28,317 p=99437 u=rege n=ansible INFO| TASK [Display completion message] **********************************************
2026-01-28 22:58:28,317 p=99437 u=rege n=ansible INFO| Wednesday 28 January 2026  22:58:28 +0100 (0:00:00.933)       0:00:15.153 ***** 
2026-01-28 22:58:28,329 p=99437 u=rege n=ansible INFO| ok: [pi5cam] => {
    "msg": "============================================================\nKiosk setup complete!\n============================================================\n\nThe kiosk will start automatically on next boot.\n\nConfiguration:\n  - URL: http://192.168.1.233:3005/?touch=1\n  - Display rotation: rotate-90\n  - Service: kiosk.service\n\nTo manually control the kiosk:\n  sudo systemctl start kiosk.service\n  sudo systemctl stop kiosk.service\n  sudo systemctl restart kiosk.service\n  sudo journalctl -u kiosk.service -f\n\nEmergency access:\n  - SSH: ssh rege@pi5cam.local\n  - Console: Press CTRL+ALT+F2\n\nReboot required to apply all changes.\n============================================================\n"
}
2026-01-28 22:58:28,333 p=99437 u=rege n=ansible INFO| RUNNING HANDLER [restart kiosk] ************************************************
2026-01-28 22:58:28,334 p=99437 u=rege n=ansible INFO| Wednesday 28 January 2026  22:58:28 +0100 (0:00:00.016)       0:00:15.169 ***** 
2026-01-28 22:58:32,690 p=99437 u=rege n=ansible INFO| changed: [pi5cam]
2026-01-28 22:58:32,691 p=99437 u=rege n=ansible INFO| PLAY RECAP *********************************************************************
2026-01-28 22:58:32,691 p=99437 u=rege n=ansible INFO| pi5cam                     : ok=25   changed=2    unreachable=0    failed=0    skipped=2    rescued=0    ignored=0   
2026-01-28 22:58:32,691 p=99437 u=rege n=ansible INFO| PLAYBOOK RECAP *****************************************************************
2026-01-28 22:58:32,691 p=99437 u=rege n=ansible INFO| Playbook run took 0 days, 0 hours, 0 minutes, 19 seconds

2026-01-28 22:58:32,691 p=99437 u=rege n=ansible INFO| TASKS RECAP ********************************************************************
2026-01-28 22:58:32,691 p=99437 u=rege n=ansible INFO| Wednesday 28 January 2026  22:58:32 +0100 (0:00:04.357)       0:00:19.527 ***** 
2026-01-28 22:58:32,691 p=99437 u=rege n=ansible INFO| =============================================================================== 
2026-01-28 22:58:32,691 p=99437 u=rege n=ansible INFO| restart kiosk ----------------------------------------------------------- 4.36s
2026-01-28 22:58:32,691 p=99437 u=rege n=ansible INFO| Upgrade all packages ---------------------------------------------------- 2.85s
2026-01-28 22:58:32,691 p=99437 u=rege n=ansible INFO| Install kiosk packages -------------------------------------------------- 1.41s
2026-01-28 22:58:32,691 p=99437 u=rege n=ansible INFO| Update apt cache -------------------------------------------------------- 1.19s
2026-01-28 22:58:32,691 p=99437 u=rege n=ansible INFO| Reload systemd daemon --------------------------------------------------- 0.93s
2026-01-28 22:58:32,691 p=99437 u=rege n=ansible INFO| Enable kiosk service ---------------------------------------------------- 0.91s
2026-01-28 22:58:32,691 p=99437 u=rege n=ansible INFO| Deploy kiosk systemd service -------------------------------------------- 0.88s
2026-01-28 22:58:32,691 p=99437 u=rege n=ansible INFO| Deploy Weston configuration --------------------------------------------- 0.72s
2026-01-28 22:58:32,691 p=99437 u=rege n=ansible INFO| Enable seatd service ---------------------------------------------------- 0.61s
2026-01-28 22:58:32,691 p=99437 u=rege n=ansible INFO| Enable NetworkManager-wait-online --------------------------------------- 0.60s
2026-01-28 22:58:32,691 p=99437 u=rege n=ansible INFO| Disable NetworkManager-wait-online (use NetworkManager instead) --------- 0.52s
2026-01-28 22:58:32,691 p=99437 u=rege n=ansible INFO| Add user to video group (for seatd access) ------------------------------ 0.49s
2026-01-28 22:58:32,691 p=99437 u=rege n=ansible INFO| Enable loginctl linger for kiosk user ----------------------------------- 0.44s
2026-01-28 22:58:32,692 p=99437 u=rege n=ansible INFO| Set default systemd target to multi-user -------------------------------- 0.39s
2026-01-28 22:58:32,692 p=99437 u=rege n=ansible INFO| Check for getty autologin override -------------------------------------- 0.39s
2026-01-28 22:58:32,692 p=99437 u=rege n=ansible INFO| Backup cmdline.txt ------------------------------------------------------ 0.37s
2026-01-28 22:58:32,692 p=99437 u=rege n=ansible INFO| Set GPU memory in config.txt -------------------------------------------- 0.37s
2026-01-28 22:58:32,692 p=99437 u=rege n=ansible INFO| Read current cmdline.txt ------------------------------------------------ 0.36s
2026-01-28 22:58:32,692 p=99437 u=rege n=ansible INFO| Create Weston config directory ------------------------------------------ 0.35s
2026-01-28 22:58:32,692 p=99437 u=rege n=ansible INFO| Remove old xinitrc ------------------------------------------------------ 0.35s
2026-01-28 23:00:29,545 p=3114 u=rege n=ansible WARNING| [WARNING]: Deprecation warnings can be disabled by setting `deprecation_warnings=False` in ansible.cfg.

2026-01-28 23:00:29,545 p=3114 u=rege n=ansible INFO| [DEPRECATION WARNING]: DEFAULT_MANAGED_STR option. Reason: The `ansible_managed` variable can be set just like any other variable, or a different variable can be used.
Alternatives: Set the `ansible_managed` variable, or use any custom variable in templates. This feature will be removed from ansible-core version 2.23.


2026-01-28 23:00:29,840 p=3114 u=rege n=ansible INFO| PLAY [Setup Raspberry Pi Weston Kiosk] *****************************************
2026-01-28 23:00:29,846 p=3114 u=rege n=ansible INFO| TASK [Display target host information] *****************************************
2026-01-28 23:00:29,846 p=3114 u=rege n=ansible INFO| Wednesday 28 January 2026  23:00:29 +0100 (0:00:00.007)       0:00:00.007 ***** 
2026-01-28 23:00:29,857 p=3114 u=rege n=ansible INFO| ok: [pi5cam] => {
    "msg": "Setting up kiosk on pi5cam\nURL: http://192.168.1.233:3005/?touch=1\nDisplay rotation: rotate-90\nUser: rege\n"
}
2026-01-28 23:00:29,859 p=3114 u=rege n=ansible INFO| TASK [Update apt cache] ********************************************************
2026-01-28 23:00:29,859 p=3114 u=rege n=ansible INFO| Wednesday 28 January 2026  23:00:29 +0100 (0:00:00.013)       0:00:00.020 ***** 
2026-01-28 23:00:31,726 p=3114 u=rege n=ansible INFO| ok: [pi5cam]
2026-01-28 23:00:31,730 p=3114 u=rege n=ansible INFO| TASK [Upgrade all packages] ****************************************************
2026-01-28 23:00:31,730 p=3114 u=rege n=ansible INFO| Wednesday 28 January 2026  23:00:31 +0100 (0:00:01.871)       0:00:01.891 ***** 
2026-01-28 23:00:34,557 p=3114 u=rege n=ansible INFO| ok: [pi5cam]
2026-01-28 23:00:34,561 p=3114 u=rege n=ansible INFO| TASK [Set default systemd target to multi-user] ********************************
2026-01-28 23:00:34,561 p=3114 u=rege n=ansible INFO| Wednesday 28 January 2026  23:00:34 +0100 (0:00:02.830)       0:00:04.722 ***** 
2026-01-28 23:00:34,969 p=3114 u=rege n=ansible INFO| ok: [pi5cam]
2026-01-28 23:00:34,973 p=3114 u=rege n=ansible INFO| TASK [Install kiosk packages] **************************************************
2026-01-28 23:00:34,974 p=3114 u=rege n=ansible INFO| Wednesday 28 January 2026  23:00:34 +0100 (0:00:00.412)       0:00:05.135 ***** 
2026-01-28 23:00:36,400 p=3114 u=rege n=ansible INFO| ok: [pi5cam]
2026-01-28 23:00:36,404 p=3114 u=rege n=ansible INFO| TASK [Enable seatd service] ****************************************************
2026-01-28 23:00:36,404 p=3114 u=rege n=ansible INFO| Wednesday 28 January 2026  23:00:36 +0100 (0:00:01.430)       0:00:06.565 ***** 
2026-01-28 23:00:37,061 p=3114 u=rege n=ansible INFO| ok: [pi5cam]
2026-01-28 23:00:37,065 p=3114 u=rege n=ansible INFO| TASK [Add user to video group (for seatd access)] ******************************
2026-01-28 23:00:37,066 p=3114 u=rege n=ansible INFO| Wednesday 28 January 2026  23:00:37 +0100 (0:00:00.661)       0:00:07.226 ***** 
2026-01-28 23:00:37,528 p=3114 u=rege n=ansible INFO| ok: [pi5cam]
2026-01-28 23:00:37,534 p=3114 u=rege n=ansible INFO| TASK [Enable loginctl linger for kiosk user] ***********************************
2026-01-28 23:00:37,534 p=3114 u=rege n=ansible INFO| Wednesday 28 January 2026  23:00:37 +0100 (0:00:00.468)       0:00:07.695 ***** 
2026-01-28 23:00:37,957 p=3114 u=rege n=ansible INFO| ok: [pi5cam]
2026-01-28 23:00:37,961 p=3114 u=rege n=ansible INFO| TASK [Check for getty autologin override] **************************************
2026-01-28 23:00:37,961 p=3114 u=rege n=ansible INFO| Wednesday 28 January 2026  23:00:37 +0100 (0:00:00.427)       0:00:08.122 ***** 
2026-01-28 23:00:38,333 p=3114 u=rege n=ansible INFO| ok: [pi5cam]
2026-01-28 23:00:38,337 p=3114 u=rege n=ansible INFO| TASK [Disable getty autologin if exists] ***************************************
2026-01-28 23:00:38,337 p=3114 u=rege n=ansible INFO| Wednesday 28 January 2026  23:00:38 +0100 (0:00:00.376)       0:00:08.498 ***** 
2026-01-28 23:00:38,346 p=3114 u=rege n=ansible INFO| skipping: [pi5cam]
2026-01-28 23:00:38,349 p=3114 u=rege n=ansible INFO| TASK [Disable bash_profile startx if exists] ***********************************
2026-01-28 23:00:38,349 p=3114 u=rege n=ansible INFO| Wednesday 28 January 2026  23:00:38 +0100 (0:00:00.011)       0:00:08.510 ***** 
2026-01-28 23:00:38,660 p=3114 u=rege n=ansible INFO| ok: [pi5cam]
2026-01-28 23:00:38,664 p=3114 u=rege n=ansible INFO| TASK [Remove old autostart entries] ********************************************
2026-01-28 23:00:38,664 p=3114 u=rege n=ansible INFO| Wednesday 28 January 2026  23:00:38 +0100 (0:00:00.315)       0:00:08.825 ***** 
2026-01-28 23:00:39,008 p=3114 u=rege n=ansible INFO| ok: [pi5cam]
2026-01-28 23:00:39,012 p=3114 u=rege n=ansible INFO| TASK [Remove old xinitrc] ******************************************************
2026-01-28 23:00:39,012 p=3114 u=rege n=ansible INFO| Wednesday 28 January 2026  23:00:39 +0100 (0:00:00.347)       0:00:09.173 ***** 
2026-01-28 23:00:39,337 p=3114 u=rege n=ansible INFO| ok: [pi5cam]
2026-01-28 23:00:39,341 p=3114 u=rege n=ansible INFO| TASK [Create Weston config directory] ******************************************
2026-01-28 23:00:39,341 p=3114 u=rege n=ansible INFO| Wednesday 28 January 2026  23:00:39 +0100 (0:00:00.329)       0:00:09.502 ***** 
2026-01-28 23:00:39,674 p=3114 u=rege n=ansible INFO| ok: [pi5cam]
2026-01-28 23:00:39,680 p=3114 u=rege n=ansible INFO| TASK [Deploy Weston configuration] *********************************************
2026-01-28 23:00:39,680 p=3114 u=rege n=ansible INFO| Wednesday 28 January 2026  23:00:39 +0100 (0:00:00.339)       0:00:09.841 ***** 
2026-01-28 23:00:40,436 p=3114 u=rege n=ansible INFO| ok: [pi5cam]
2026-01-28 23:00:40,439 p=3114 u=rege n=ansible INFO| TASK [Create squeekboard configuration directory] ******************************
2026-01-28 23:00:40,439 p=3114 u=rege n=ansible INFO| Wednesday 28 January 2026  23:00:40 +0100 (0:00:00.758)       0:00:10.600 ***** 
2026-01-28 23:00:40,784 p=3114 u=rege n=ansible INFO| ok: [pi5cam]
2026-01-28 23:00:40,788 p=3114 u=rege n=ansible INFO| TASK [Deploy kiosk systemd service] ********************************************
2026-01-28 23:00:40,788 p=3114 u=rege n=ansible INFO| Wednesday 28 January 2026  23:00:40 +0100 (0:00:00.348)       0:00:10.949 ***** 
2026-01-28 23:00:41,667 p=3114 u=rege n=ansible INFO| changed: [pi5cam]
2026-01-28 23:00:41,670 p=3114 u=rege n=ansible INFO| TASK [Enable kiosk service] ****************************************************
2026-01-28 23:00:41,670 p=3114 u=rege n=ansible INFO| Wednesday 28 January 2026  23:00:41 +0100 (0:00:00.882)       0:00:11.831 ***** 
2026-01-28 23:00:42,509 p=3114 u=rege n=ansible INFO| ok: [pi5cam]
2026-01-28 23:00:42,514 p=3114 u=rege n=ansible INFO| TASK [Backup cmdline.txt] ******************************************************
2026-01-28 23:00:42,514 p=3114 u=rege n=ansible INFO| Wednesday 28 January 2026  23:00:42 +0100 (0:00:00.843)       0:00:12.675 ***** 
2026-01-28 23:00:42,887 p=3114 u=rege n=ansible INFO| ok: [pi5cam]
2026-01-28 23:00:42,890 p=3114 u=rege n=ansible INFO| TASK [Read current cmdline.txt] ************************************************
2026-01-28 23:00:42,890 p=3114 u=rege n=ansible INFO| Wednesday 28 January 2026  23:00:42 +0100 (0:00:00.376)       0:00:13.051 ***** 
2026-01-28 23:00:43,262 p=3114 u=rege n=ansible INFO| ok: [pi5cam]
2026-01-28 23:00:43,266 p=3114 u=rege n=ansible INFO| TASK [Update cmdline.txt with optimizations] ***********************************
2026-01-28 23:00:43,267 p=3114 u=rege n=ansible INFO| Wednesday 28 January 2026  23:00:43 +0100 (0:00:00.376)       0:00:13.428 ***** 
2026-01-28 23:00:43,293 p=3114 u=rege n=ansible INFO| skipping: [pi5cam]
2026-01-28 23:00:43,295 p=3114 u=rege n=ansible INFO| TASK [Set GPU memory in config.txt] ********************************************
2026-01-28 23:00:43,295 p=3114 u=rege n=ansible INFO| Wednesday 28 January 2026  23:00:43 +0100 (0:00:00.028)       0:00:13.456 ***** 
2026-01-28 23:00:43,658 p=3114 u=rege n=ansible INFO| ok: [pi5cam]
2026-01-28 23:00:43,661 p=3114 u=rege n=ansible INFO| TASK [Disable NetworkManager-wait-online (use NetworkManager instead)] *********
2026-01-28 23:00:43,661 p=3114 u=rege n=ansible INFO| Wednesday 28 January 2026  23:00:43 +0100 (0:00:00.365)       0:00:13.822 ***** 
2026-01-28 23:00:44,189 p=3114 u=rege n=ansible INFO| ok: [pi5cam]
2026-01-28 23:00:44,193 p=3114 u=rege n=ansible INFO| TASK [Enable NetworkManager-wait-online] ***************************************
2026-01-28 23:00:44,193 p=3114 u=rege n=ansible INFO| Wednesday 28 January 2026  23:00:44 +0100 (0:00:00.531)       0:00:14.354 ***** 
2026-01-28 23:00:44,712 p=3114 u=rege n=ansible INFO| ok: [pi5cam]
2026-01-28 23:00:44,716 p=3114 u=rege n=ansible INFO| TASK [Reload systemd daemon] ***************************************************
2026-01-28 23:00:44,716 p=3114 u=rege n=ansible INFO| Wednesday 28 January 2026  23:00:44 +0100 (0:00:00.523)       0:00:14.877 ***** 
2026-01-28 23:00:45,551 p=3114 u=rege n=ansible INFO| ok: [pi5cam]
2026-01-28 23:00:45,555 p=3114 u=rege n=ansible INFO| TASK [Display completion message] **********************************************
2026-01-28 23:00:45,555 p=3114 u=rege n=ansible INFO| Wednesday 28 January 2026  23:00:45 +0100 (0:00:00.838)       0:00:15.716 ***** 
2026-01-28 23:00:45,569 p=3114 u=rege n=ansible INFO| ok: [pi5cam] => {
    "msg": "============================================================\nKiosk setup complete!\n============================================================\n\nThe kiosk will start automatically on next boot.\n\nConfiguration:\n  - URL: http://192.168.1.233:3005/?touch=1\n  - Display rotation: rotate-90\n  - Service: kiosk.service\n\nTo manually control the kiosk:\n  sudo systemctl start kiosk.service\n  sudo systemctl stop kiosk.service\n  sudo systemctl restart kiosk.service\n  sudo journalctl -u kiosk.service -f\n\nEmergency access:\n  - SSH: ssh rege@pi5cam.local\n  - Console: Press CTRL+ALT+F2\n\nReboot required to apply all changes.\n============================================================\n"
}
2026-01-28 23:00:45,573 p=3114 u=rege n=ansible INFO| RUNNING HANDLER [restart kiosk] ************************************************
2026-01-28 23:00:45,573 p=3114 u=rege n=ansible INFO| Wednesday 28 January 2026  23:00:45 +0100 (0:00:00.018)       0:00:15.734 ***** 
2026-01-28 23:00:49,835 p=3114 u=rege n=ansible INFO| changed: [pi5cam]
2026-01-28 23:00:49,835 p=3114 u=rege n=ansible INFO| PLAY RECAP *********************************************************************
2026-01-28 23:00:49,836 p=3114 u=rege n=ansible INFO| pi5cam                     : ok=25   changed=2    unreachable=0    failed=0    skipped=2    rescued=0    ignored=0   
2026-01-28 23:00:49,836 p=3114 u=rege n=ansible INFO| PLAYBOOK RECAP *****************************************************************
2026-01-28 23:00:49,836 p=3114 u=rege n=ansible INFO| Playbook run took 0 days, 0 hours, 0 minutes, 19 seconds

2026-01-28 23:00:49,836 p=3114 u=rege n=ansible INFO| TASKS RECAP ********************************************************************
2026-01-28 23:00:49,836 p=3114 u=rege n=ansible INFO| Wednesday 28 January 2026  23:00:49 +0100 (0:00:04.262)       0:00:19.997 ***** 
2026-01-28 23:00:49,836 p=3114 u=rege n=ansible INFO| =============================================================================== 
2026-01-28 23:00:49,836 p=3114 u=rege n=ansible INFO| restart kiosk ----------------------------------------------------------- 4.26s
2026-01-28 23:00:49,836 p=3114 u=rege n=ansible INFO| Upgrade all packages ---------------------------------------------------- 2.83s
2026-01-28 23:00:49,836 p=3114 u=rege n=ansible INFO| Update apt cache -------------------------------------------------------- 1.87s
2026-01-28 23:00:49,836 p=3114 u=rege n=ansible INFO| Install kiosk packages -------------------------------------------------- 1.43s
2026-01-28 23:00:49,836 p=3114 u=rege n=ansible INFO| Deploy kiosk systemd service -------------------------------------------- 0.88s
2026-01-28 23:00:49,836 p=3114 u=rege n=ansible INFO| Enable kiosk service ---------------------------------------------------- 0.84s
2026-01-28 23:00:49,836 p=3114 u=rege n=ansible INFO| Reload systemd daemon --------------------------------------------------- 0.84s
2026-01-28 23:00:49,836 p=3114 u=rege n=ansible INFO| Deploy Weston configuration --------------------------------------------- 0.76s
2026-01-28 23:00:49,836 p=3114 u=rege n=ansible INFO| Enable seatd service ---------------------------------------------------- 0.66s
2026-01-28 23:00:49,836 p=3114 u=rege n=ansible INFO| Disable NetworkManager-wait-online (use NetworkManager instead) --------- 0.53s
2026-01-28 23:00:49,836 p=3114 u=rege n=ansible INFO| Enable NetworkManager-wait-online --------------------------------------- 0.52s
2026-01-28 23:00:49,836 p=3114 u=rege n=ansible INFO| Add user to video group (for seatd access) ------------------------------ 0.47s
2026-01-28 23:00:49,836 p=3114 u=rege n=ansible INFO| Enable loginctl linger for kiosk user ----------------------------------- 0.43s
2026-01-28 23:00:49,836 p=3114 u=rege n=ansible INFO| Set default systemd target to multi-user -------------------------------- 0.41s
2026-01-28 23:00:49,836 p=3114 u=rege n=ansible INFO| Backup cmdline.txt ------------------------------------------------------ 0.38s
2026-01-28 23:00:49,836 p=3114 u=rege n=ansible INFO| Check for getty autologin override -------------------------------------- 0.38s
2026-01-28 23:00:49,836 p=3114 u=rege n=ansible INFO| Read current cmdline.txt ------------------------------------------------ 0.38s
2026-01-28 23:00:49,836 p=3114 u=rege n=ansible INFO| Set GPU memory in config.txt -------------------------------------------- 0.37s
2026-01-28 23:00:49,836 p=3114 u=rege n=ansible INFO| Create squeekboard configuration directory ------------------------------ 0.35s
2026-01-28 23:00:49,836 p=3114 u=rege n=ansible INFO| Remove old autostart entries -------------------------------------------- 0.35s
2026-01-28 23:35:22,999 p=36651 u=rege n=ansible WARNING| [WARNING]: Deprecation warnings can be disabled by setting `deprecation_warnings=False` in ansible.cfg.

2026-01-28 23:35:22,999 p=36651 u=rege n=ansible INFO| [DEPRECATION WARNING]: DEFAULT_MANAGED_STR option. Reason: The `ansible_managed` variable can be set just like any other variable, or a different variable can be used.
Alternatives: Set the `ansible_managed` variable, or use any custom variable in templates. This feature will be removed from ansible-core version 2.23.


2026-01-28 23:35:23,300 p=36651 u=rege n=ansible INFO| PLAY [Setup Raspberry Pi Weston Kiosk] *****************************************
2026-01-28 23:35:23,304 p=36651 u=rege n=ansible INFO| PLAY RECAP *********************************************************************
2026-01-28 23:35:23,304 p=36651 u=rege n=ansible INFO| PLAYBOOK RECAP *****************************************************************
2026-01-28 23:35:23,304 p=36651 u=rege n=ansible INFO| Playbook run took 0 days, 0 hours, 0 minutes, 0 seconds

2026-01-28 23:35:23,304 p=36651 u=rege n=ansible INFO| TASKS RECAP ********************************************************************
2026-01-28 23:35:23,304 p=36651 u=rege n=ansible INFO| Wednesday 28 January 2026  23:35:23 +0100 (0:00:00.005)       0:00:00.005 ***** 
2026-01-28 23:35:23,304 p=36651 u=rege n=ansible INFO| =============================================================================== 
2026-01-28 23:35:27,965 p=36748 u=rege n=ansible WARNING| [WARNING]: Deprecation warnings can be disabled by setting `deprecation_warnings=False` in ansible.cfg.

2026-01-28 23:35:27,966 p=36748 u=rege n=ansible INFO| [DEPRECATION WARNING]: DEFAULT_MANAGED_STR option. Reason: The `ansible_managed` variable can be set just like any other variable, or a different variable can be used.
Alternatives: Set the `ansible_managed` variable, or use any custom variable in templates. This feature will be removed from ansible-core version 2.23.


2026-01-28 23:35:28,146 p=36748 u=rege n=ansible INFO| PLAY [Setup Raspberry Pi Weston Kiosk] *****************************************
2026-01-28 23:35:28,150 p=36748 u=rege n=ansible INFO| TASK [Display target host information] *****************************************
2026-01-28 23:35:28,150 p=36748 u=rege n=ansible INFO| Wednesday 28 January 2026  23:35:28 +0100 (0:00:00.005)       0:00:00.005 ***** 
2026-01-28 23:35:28,161 p=36748 u=rege n=ansible INFO| ok: [pi5cam] => {
    "msg": "Setting up kiosk on pi5cam\nURL: http://192.168.1.233:3005/?touch=1\nDisplay rotation: rotate-90\nUser: rege\n"
}
2026-01-28 23:35:28,163 p=36748 u=rege n=ansible INFO| TASK [Update apt cache] ********************************************************
2026-01-28 23:35:28,163 p=36748 u=rege n=ansible INFO| Wednesday 28 January 2026  23:35:28 +0100 (0:00:00.013)       0:00:00.018 ***** 
2026-01-28 23:35:29,919 p=36748 u=rege n=ansible INFO| ok: [pi5cam]
2026-01-28 23:35:29,923 p=36748 u=rege n=ansible INFO| TASK [Upgrade all packages] ****************************************************
2026-01-28 23:35:29,923 p=36748 u=rege n=ansible INFO| Wednesday 28 January 2026  23:35:29 +0100 (0:00:01.759)       0:00:01.778 ***** 
2026-01-28 23:35:32,699 p=36748 u=rege n=ansible INFO| ok: [pi5cam]
2026-01-28 23:35:32,701 p=36748 u=rege n=ansible INFO| TASK [Set default systemd target to multi-user] ********************************
2026-01-28 23:35:32,701 p=36748 u=rege n=ansible INFO| Wednesday 28 January 2026  23:35:32 +0100 (0:00:02.777)       0:00:04.556 ***** 
2026-01-28 23:35:33,056 p=36748 u=rege n=ansible INFO| ok: [pi5cam]
2026-01-28 23:35:33,059 p=36748 u=rege n=ansible INFO| TASK [Install kiosk packages] **************************************************
2026-01-28 23:35:33,059 p=36748 u=rege n=ansible INFO| Wednesday 28 January 2026  23:35:33 +0100 (0:00:00.358)       0:00:04.915 ***** 
2026-01-28 23:35:34,452 p=36748 u=rege n=ansible INFO| ok: [pi5cam]
2026-01-28 23:35:34,457 p=36748 u=rege n=ansible INFO| TASK [Enable seatd service] ****************************************************
2026-01-28 23:35:34,457 p=36748 u=rege n=ansible INFO| Wednesday 28 January 2026  23:35:34 +0100 (0:00:01.397)       0:00:06.312 ***** 
2026-01-28 23:35:35,072 p=36748 u=rege n=ansible INFO| ok: [pi5cam]
2026-01-28 23:35:35,075 p=36748 u=rege n=ansible INFO| TASK [Add user to video group (for seatd access)] ******************************
2026-01-28 23:35:35,075 p=36748 u=rege n=ansible INFO| Wednesday 28 January 2026  23:35:35 +0100 (0:00:00.617)       0:00:06.930 ***** 
2026-01-28 23:35:35,528 p=36748 u=rege n=ansible INFO| ok: [pi5cam]
2026-01-28 23:35:35,532 p=36748 u=rege n=ansible INFO| TASK [Enable loginctl linger for kiosk user] ***********************************
2026-01-28 23:35:35,532 p=36748 u=rege n=ansible INFO| Wednesday 28 January 2026  23:35:35 +0100 (0:00:00.457)       0:00:07.388 ***** 
2026-01-28 23:35:35,943 p=36748 u=rege n=ansible INFO| ok: [pi5cam]
2026-01-28 23:35:35,946 p=36748 u=rege n=ansible INFO| TASK [Check for getty autologin override] **************************************
2026-01-28 23:35:35,946 p=36748 u=rege n=ansible INFO| Wednesday 28 January 2026  23:35:35 +0100 (0:00:00.413)       0:00:07.801 ***** 
2026-01-28 23:35:36,283 p=36748 u=rege n=ansible INFO| ok: [pi5cam]
2026-01-28 23:35:36,286 p=36748 u=rege n=ansible INFO| TASK [Disable getty autologin if exists] ***************************************
2026-01-28 23:35:36,286 p=36748 u=rege n=ansible INFO| Wednesday 28 January 2026  23:35:36 +0100 (0:00:00.340)       0:00:08.141 ***** 
2026-01-28 23:35:36,295 p=36748 u=rege n=ansible INFO| skipping: [pi5cam]
2026-01-28 23:35:36,297 p=36748 u=rege n=ansible INFO| TASK [Disable bash_profile startx if exists] ***********************************
2026-01-28 23:35:36,297 p=36748 u=rege n=ansible INFO| Wednesday 28 January 2026  23:35:36 +0100 (0:00:00.011)       0:00:08.152 ***** 
2026-01-28 23:35:36,605 p=36748 u=rege n=ansible INFO| ok: [pi5cam]
2026-01-28 23:35:36,609 p=36748 u=rege n=ansible INFO| TASK [Remove old autostart entries] ********************************************
2026-01-28 23:35:36,609 p=36748 u=rege n=ansible INFO| Wednesday 28 January 2026  23:35:36 +0100 (0:00:00.311)       0:00:08.464 ***** 
2026-01-28 23:35:36,931 p=36748 u=rege n=ansible INFO| ok: [pi5cam]
2026-01-28 23:35:36,934 p=36748 u=rege n=ansible INFO| TASK [Remove old xinitrc] ******************************************************
2026-01-28 23:35:36,934 p=36748 u=rege n=ansible INFO| Wednesday 28 January 2026  23:35:36 +0100 (0:00:00.325)       0:00:08.789 ***** 
2026-01-28 23:35:37,269 p=36748 u=rege n=ansible INFO| ok: [pi5cam]
2026-01-28 23:35:37,272 p=36748 u=rege n=ansible INFO| TASK [Create Weston config directory] ******************************************
2026-01-28 23:35:37,272 p=36748 u=rege n=ansible INFO| Wednesday 28 January 2026  23:35:37 +0100 (0:00:00.338)       0:00:09.127 ***** 
2026-01-28 23:35:37,612 p=36748 u=rege n=ansible INFO| ok: [pi5cam]
2026-01-28 23:35:37,617 p=36748 u=rege n=ansible INFO| TASK [Deploy Weston configuration] *********************************************
2026-01-28 23:35:37,617 p=36748 u=rege n=ansible INFO| Wednesday 28 January 2026  23:35:37 +0100 (0:00:00.345)       0:00:09.472 ***** 
2026-01-28 23:35:38,371 p=36748 u=rege n=ansible INFO| ok: [pi5cam]
2026-01-28 23:35:38,374 p=36748 u=rege n=ansible INFO| TASK [Create squeekboard configuration directory] ******************************
2026-01-28 23:35:38,374 p=36748 u=rege n=ansible INFO| Wednesday 28 January 2026  23:35:38 +0100 (0:00:00.756)       0:00:10.229 ***** 
2026-01-28 23:35:38,738 p=36748 u=rege n=ansible INFO| ok: [pi5cam]
2026-01-28 23:35:38,741 p=36748 u=rege n=ansible INFO| TASK [Deploy kiosk systemd service] ********************************************
2026-01-28 23:35:38,741 p=36748 u=rege n=ansible INFO| Wednesday 28 January 2026  23:35:38 +0100 (0:00:00.366)       0:00:10.596 ***** 
2026-01-28 23:35:39,598 p=36748 u=rege n=ansible INFO| changed: [pi5cam]
2026-01-28 23:35:39,601 p=36748 u=rege n=ansible INFO| TASK [Enable kiosk service] ****************************************************
2026-01-28 23:35:39,601 p=36748 u=rege n=ansible INFO| Wednesday 28 January 2026  23:35:39 +0100 (0:00:00.860)       0:00:11.457 ***** 
2026-01-28 23:35:40,455 p=36748 u=rege n=ansible INFO| ok: [pi5cam]
2026-01-28 23:35:40,459 p=36748 u=rege n=ansible INFO| TASK [Backup cmdline.txt] ******************************************************
2026-01-28 23:35:40,459 p=36748 u=rege n=ansible INFO| Wednesday 28 January 2026  23:35:40 +0100 (0:00:00.858)       0:00:12.315 ***** 
2026-01-28 23:35:40,819 p=36748 u=rege n=ansible INFO| ok: [pi5cam]
2026-01-28 23:35:40,822 p=36748 u=rege n=ansible INFO| TASK [Read current cmdline.txt] ************************************************
2026-01-28 23:35:40,822 p=36748 u=rege n=ansible INFO| Wednesday 28 January 2026  23:35:40 +0100 (0:00:00.362)       0:00:12.677 ***** 
2026-01-28 23:35:41,189 p=36748 u=rege n=ansible INFO| ok: [pi5cam]
2026-01-28 23:35:41,192 p=36748 u=rege n=ansible INFO| TASK [Update cmdline.txt with optimizations] ***********************************
2026-01-28 23:35:41,192 p=36748 u=rege n=ansible INFO| Wednesday 28 January 2026  23:35:41 +0100 (0:00:00.369)       0:00:13.047 ***** 
2026-01-28 23:35:41,216 p=36748 u=rege n=ansible INFO| skipping: [pi5cam]
2026-01-28 23:35:41,219 p=36748 u=rege n=ansible INFO| TASK [Set GPU memory in config.txt] ********************************************
2026-01-28 23:35:41,219 p=36748 u=rege n=ansible INFO| Wednesday 28 January 2026  23:35:41 +0100 (0:00:00.026)       0:00:13.074 ***** 
2026-01-28 23:35:41,604 p=36748 u=rege n=ansible INFO| ok: [pi5cam]
2026-01-28 23:35:41,607 p=36748 u=rege n=ansible INFO| TASK [Disable NetworkManager-wait-online (use NetworkManager instead)] *********
2026-01-28 23:35:41,607 p=36748 u=rege n=ansible INFO| Wednesday 28 January 2026  23:35:41 +0100 (0:00:00.388)       0:00:13.462 ***** 
2026-01-28 23:35:42,129 p=36748 u=rege n=ansible INFO| ok: [pi5cam]
2026-01-28 23:35:42,133 p=36748 u=rege n=ansible INFO| TASK [Enable NetworkManager-wait-online] ***************************************
2026-01-28 23:35:42,133 p=36748 u=rege n=ansible INFO| Wednesday 28 January 2026  23:35:42 +0100 (0:00:00.526)       0:00:13.989 ***** 
2026-01-28 23:35:42,646 p=36748 u=rege n=ansible INFO| ok: [pi5cam]
2026-01-28 23:35:42,649 p=36748 u=rege n=ansible INFO| TASK [Reload systemd daemon] ***************************************************
2026-01-28 23:35:42,649 p=36748 u=rege n=ansible INFO| Wednesday 28 January 2026  23:35:42 +0100 (0:00:00.516)       0:00:14.505 ***** 
2026-01-28 23:35:43,451 p=36748 u=rege n=ansible INFO| ok: [pi5cam]
2026-01-28 23:35:43,455 p=36748 u=rege n=ansible INFO| TASK [Display completion message] **********************************************
2026-01-28 23:35:43,455 p=36748 u=rege n=ansible INFO| Wednesday 28 January 2026  23:35:43 +0100 (0:00:00.806)       0:00:15.311 ***** 
2026-01-28 23:35:43,470 p=36748 u=rege n=ansible INFO| ok: [pi5cam] => {
    "msg": "============================================================\nKiosk setup complete!\n============================================================\n\nThe kiosk will start automatically on next boot.\n\nConfiguration:\n  - URL: http://192.168.1.233:3005/?touch=1\n  - Display rotation: rotate-90\n  - Service: kiosk.service\n\nTo manually control the kiosk:\n  sudo systemctl start kiosk.service\n  sudo systemctl stop kiosk.service\n  sudo systemctl restart kiosk.service\n  sudo journalctl -u kiosk.service -f\n\nEmergency access:\n  - SSH: ssh rege@pi5cam.local\n  - Console: Press CTRL+ALT+F2\n\nReboot required to apply all changes.\n============================================================\n"
}
2026-01-28 23:35:43,474 p=36748 u=rege n=ansible INFO| RUNNING HANDLER [restart kiosk] ************************************************
2026-01-28 23:35:43,474 p=36748 u=rege n=ansible INFO| Wednesday 28 January 2026  23:35:43 +0100 (0:00:00.018)       0:00:15.329 ***** 
2026-01-28 23:35:47,889 p=36748 u=rege n=ansible INFO| changed: [pi5cam]
2026-01-28 23:35:47,890 p=36748 u=rege n=ansible INFO| PLAY RECAP *********************************************************************
2026-01-28 23:35:47,890 p=36748 u=rege n=ansible INFO| pi5cam                     : ok=25   changed=2    unreachable=0    failed=0    skipped=2    rescued=0    ignored=0   
2026-01-28 23:35:47,890 p=36748 u=rege n=ansible INFO| PLAYBOOK RECAP *****************************************************************
2026-01-28 23:35:47,890 p=36748 u=rege n=ansible INFO| Playbook run took 0 days, 0 hours, 0 minutes, 19 seconds

2026-01-28 23:35:47,890 p=36748 u=rege n=ansible INFO| TASKS RECAP ********************************************************************
2026-01-28 23:35:47,890 p=36748 u=rege n=ansible INFO| Wednesday 28 January 2026  23:35:47 +0100 (0:00:04.415)       0:00:19.745 ***** 
2026-01-28 23:35:47,890 p=36748 u=rege n=ansible INFO| =============================================================================== 
2026-01-28 23:35:47,890 p=36748 u=rege n=ansible INFO| restart kiosk ----------------------------------------------------------- 4.42s
2026-01-28 23:35:47,890 p=36748 u=rege n=ansible INFO| Upgrade all packages ---------------------------------------------------- 2.78s
2026-01-28 23:35:47,890 p=36748 u=rege n=ansible INFO| Update apt cache -------------------------------------------------------- 1.76s
2026-01-28 23:35:47,890 p=36748 u=rege n=ansible INFO| Install kiosk packages -------------------------------------------------- 1.40s
2026-01-28 23:35:47,890 p=36748 u=rege n=ansible INFO| Deploy kiosk systemd service -------------------------------------------- 0.86s
2026-01-28 23:35:47,890 p=36748 u=rege n=ansible INFO| Enable kiosk service ---------------------------------------------------- 0.86s
2026-01-28 23:35:47,890 p=36748 u=rege n=ansible INFO| Reload systemd daemon --------------------------------------------------- 0.81s
2026-01-28 23:35:47,890 p=36748 u=rege n=ansible INFO| Deploy Weston configuration --------------------------------------------- 0.76s
2026-01-28 23:35:47,890 p=36748 u=rege n=ansible INFO| Enable seatd service ---------------------------------------------------- 0.62s
2026-01-28 23:35:47,890 p=36748 u=rege n=ansible INFO| Disable NetworkManager-wait-online (use NetworkManager instead) --------- 0.53s
2026-01-28 23:35:47,890 p=36748 u=rege n=ansible INFO| Enable NetworkManager-wait-online --------------------------------------- 0.52s
2026-01-28 23:35:47,890 p=36748 u=rege n=ansible INFO| Add user to video group (for seatd access) ------------------------------ 0.46s
2026-01-28 23:35:47,890 p=36748 u=rege n=ansible INFO| Enable loginctl linger for kiosk user ----------------------------------- 0.41s
2026-01-28 23:35:47,890 p=36748 u=rege n=ansible INFO| Set GPU memory in config.txt -------------------------------------------- 0.39s
2026-01-28 23:35:47,890 p=36748 u=rege n=ansible INFO| Read current cmdline.txt ------------------------------------------------ 0.37s
2026-01-28 23:35:47,890 p=36748 u=rege n=ansible INFO| Create squeekboard configuration directory ------------------------------ 0.37s
2026-01-28 23:35:47,890 p=36748 u=rege n=ansible INFO| Backup cmdline.txt ------------------------------------------------------ 0.36s
2026-01-28 23:35:47,890 p=36748 u=rege n=ansible INFO| Set default systemd target to multi-user -------------------------------- 0.36s
2026-01-28 23:35:47,890 p=36748 u=rege n=ansible INFO| Create Weston config directory ------------------------------------------ 0.35s
2026-01-28 23:35:47,890 p=36748 u=rege n=ansible INFO| Check for getty autologin override -------------------------------------- 0.34s
2026-01-28 23:37:38,288 p=38824 u=rege n=ansible WARNING| [WARNING]: Deprecation warnings can be disabled by setting `deprecation_warnings=False` in ansible.cfg.

2026-01-28 23:37:38,288 p=38824 u=rege n=ansible INFO| [DEPRECATION WARNING]: DEFAULT_MANAGED_STR option. Reason: The `ansible_managed` variable can be set just like any other variable, or a different variable can be used.
Alternatives: Set the `ansible_managed` variable, or use any custom variable in templates. This feature will be removed from ansible-core version 2.23.


2026-01-28 23:37:38,576 p=38824 u=rege n=ansible INFO| PLAY [Setup Raspberry Pi Weston Kiosk] *****************************************
2026-01-28 23:37:38,582 p=38824 u=rege n=ansible INFO| TASK [Display target host information] *****************************************
2026-01-28 23:37:38,582 p=38824 u=rege n=ansible INFO| Wednesday 28 January 2026  23:37:38 +0100 (0:00:00.007)       0:00:00.007 ***** 
2026-01-28 23:37:38,594 p=38824 u=rege n=ansible INFO| ok: [pi5cam] => {
    "msg": "Setting up kiosk on pi5cam\nURL: http://192.168.1.233:3005/?touch=1\nDisplay rotation: rotate-90\nUser: rege\n"
}
2026-01-28 23:37:38,596 p=38824 u=rege n=ansible INFO| TASK [Update apt cache] ********************************************************
2026-01-28 23:37:38,596 p=38824 u=rege n=ansible INFO| Wednesday 28 January 2026  23:37:38 +0100 (0:00:00.013)       0:00:00.020 ***** 
2026-01-28 23:37:40,129 p=38824 u=rege n=ansible INFO| ok: [pi5cam]
2026-01-28 23:37:40,133 p=38824 u=rege n=ansible INFO| TASK [Upgrade all packages] ****************************************************
2026-01-28 23:37:40,133 p=38824 u=rege n=ansible INFO| Wednesday 28 January 2026  23:37:40 +0100 (0:00:01.537)       0:00:01.558 ***** 
2026-01-28 23:37:42,988 p=38824 u=rege n=ansible INFO| ok: [pi5cam]
2026-01-28 23:37:42,992 p=38824 u=rege n=ansible INFO| TASK [Set default systemd target to multi-user] ********************************
2026-01-28 23:37:42,992 p=38824 u=rege n=ansible INFO| Wednesday 28 January 2026  23:37:42 +0100 (0:00:02.859)       0:00:04.417 ***** 
2026-01-28 23:37:43,373 p=38824 u=rege n=ansible INFO| ok: [pi5cam]
2026-01-28 23:37:43,377 p=38824 u=rege n=ansible INFO| TASK [Install kiosk packages] **************************************************
2026-01-28 23:37:43,377 p=38824 u=rege n=ansible INFO| Wednesday 28 January 2026  23:37:43 +0100 (0:00:00.384)       0:00:04.802 ***** 
2026-01-28 23:37:44,795 p=38824 u=rege n=ansible INFO| ok: [pi5cam]
2026-01-28 23:37:44,798 p=38824 u=rege n=ansible INFO| TASK [Enable seatd service] ****************************************************
2026-01-28 23:37:44,798 p=38824 u=rege n=ansible INFO| Wednesday 28 January 2026  23:37:44 +0100 (0:00:01.421)       0:00:06.223 ***** 
2026-01-28 23:37:45,418 p=38824 u=rege n=ansible INFO| ok: [pi5cam]
2026-01-28 23:37:45,421 p=38824 u=rege n=ansible INFO| TASK [Add user to video group (for seatd access)] ******************************
2026-01-28 23:37:45,421 p=38824 u=rege n=ansible INFO| Wednesday 28 January 2026  23:37:45 +0100 (0:00:00.623)       0:00:06.846 ***** 
2026-01-28 23:37:45,921 p=38824 u=rege n=ansible INFO| ok: [pi5cam]
2026-01-28 23:37:45,926 p=38824 u=rege n=ansible INFO| TASK [Enable loginctl linger for kiosk user] ***********************************
2026-01-28 23:37:45,926 p=38824 u=rege n=ansible INFO| Wednesday 28 January 2026  23:37:45 +0100 (0:00:00.505)       0:00:07.351 ***** 
2026-01-28 23:37:46,338 p=38824 u=rege n=ansible INFO| ok: [pi5cam]
2026-01-28 23:37:46,342 p=38824 u=rege n=ansible INFO| TASK [Check for getty autologin override] **************************************
2026-01-28 23:37:46,342 p=38824 u=rege n=ansible INFO| Wednesday 28 January 2026  23:37:46 +0100 (0:00:00.415)       0:00:07.767 ***** 
2026-01-28 23:37:46,726 p=38824 u=rege n=ansible INFO| ok: [pi5cam]
2026-01-28 23:37:46,730 p=38824 u=rege n=ansible INFO| TASK [Disable getty autologin if exists] ***************************************
2026-01-28 23:37:46,730 p=38824 u=rege n=ansible INFO| Wednesday 28 January 2026  23:37:46 +0100 (0:00:00.387)       0:00:08.155 ***** 
2026-01-28 23:37:46,739 p=38824 u=rege n=ansible INFO| skipping: [pi5cam]
2026-01-28 23:37:46,742 p=38824 u=rege n=ansible INFO| TASK [Disable bash_profile startx if exists] ***********************************
2026-01-28 23:37:46,742 p=38824 u=rege n=ansible INFO| Wednesday 28 January 2026  23:37:46 +0100 (0:00:00.011)       0:00:08.167 ***** 
2026-01-28 23:37:47,051 p=38824 u=rege n=ansible INFO| ok: [pi5cam]
2026-01-28 23:37:47,054 p=38824 u=rege n=ansible INFO| TASK [Remove old autostart entries] ********************************************
2026-01-28 23:37:47,054 p=38824 u=rege n=ansible INFO| Wednesday 28 January 2026  23:37:47 +0100 (0:00:00.312)       0:00:08.479 ***** 
2026-01-28 23:37:47,389 p=38824 u=rege n=ansible INFO| ok: [pi5cam]
2026-01-28 23:37:47,392 p=38824 u=rege n=ansible INFO| TASK [Remove old xinitrc] ******************************************************
2026-01-28 23:37:47,392 p=38824 u=rege n=ansible INFO| Wednesday 28 January 2026  23:37:47 +0100 (0:00:00.338)       0:00:08.817 ***** 
2026-01-28 23:37:47,717 p=38824 u=rege n=ansible INFO| ok: [pi5cam]
2026-01-28 23:37:47,721 p=38824 u=rege n=ansible INFO| TASK [Create Weston config directory] ******************************************
2026-01-28 23:37:47,721 p=38824 u=rege n=ansible INFO| Wednesday 28 January 2026  23:37:47 +0100 (0:00:00.328)       0:00:09.146 ***** 
2026-01-28 23:37:48,073 p=38824 u=rege n=ansible INFO| ok: [pi5cam]
2026-01-28 23:37:48,078 p=38824 u=rege n=ansible INFO| TASK [Deploy Weston configuration] *********************************************
2026-01-28 23:37:48,078 p=38824 u=rege n=ansible INFO| Wednesday 28 January 2026  23:37:48 +0100 (0:00:00.357)       0:00:09.503 ***** 
2026-01-28 23:37:48,811 p=38824 u=rege n=ansible INFO| ok: [pi5cam]
2026-01-28 23:37:48,814 p=38824 u=rege n=ansible INFO| TASK [Create squeekboard configuration directory] ******************************
2026-01-28 23:37:48,814 p=38824 u=rege n=ansible INFO| Wednesday 28 January 2026  23:37:48 +0100 (0:00:00.736)       0:00:10.239 ***** 
2026-01-28 23:37:49,196 p=38824 u=rege n=ansible INFO| ok: [pi5cam]
2026-01-28 23:37:49,200 p=38824 u=rege n=ansible INFO| TASK [Deploy kiosk systemd service] ********************************************
2026-01-28 23:37:49,200 p=38824 u=rege n=ansible INFO| Wednesday 28 January 2026  23:37:49 +0100 (0:00:00.385)       0:00:10.624 ***** 
2026-01-28 23:37:50,139 p=38824 u=rege n=ansible INFO| changed: [pi5cam]
2026-01-28 23:37:50,142 p=38824 u=rege n=ansible INFO| TASK [Enable kiosk service] ****************************************************
2026-01-28 23:37:50,142 p=38824 u=rege n=ansible INFO| Wednesday 28 January 2026  23:37:50 +0100 (0:00:00.942)       0:00:11.567 ***** 
2026-01-28 23:37:51,060 p=38824 u=rege n=ansible INFO| ok: [pi5cam]
2026-01-28 23:37:51,064 p=38824 u=rege n=ansible INFO| TASK [Backup cmdline.txt] ******************************************************
2026-01-28 23:37:51,065 p=38824 u=rege n=ansible INFO| Wednesday 28 January 2026  23:37:51 +0100 (0:00:00.922)       0:00:12.489 ***** 
2026-01-28 23:37:51,450 p=38824 u=rege n=ansible INFO| ok: [pi5cam]
2026-01-28 23:37:51,453 p=38824 u=rege n=ansible INFO| TASK [Read current cmdline.txt] ************************************************
2026-01-28 23:37:51,453 p=38824 u=rege n=ansible INFO| Wednesday 28 January 2026  23:37:51 +0100 (0:00:00.388)       0:00:12.878 ***** 
2026-01-28 23:37:51,825 p=38824 u=rege n=ansible INFO| ok: [pi5cam]
2026-01-28 23:37:51,830 p=38824 u=rege n=ansible INFO| TASK [Update cmdline.txt with optimizations] ***********************************
2026-01-28 23:37:51,830 p=38824 u=rege n=ansible INFO| Wednesday 28 January 2026  23:37:51 +0100 (0:00:00.376)       0:00:13.254 ***** 
2026-01-28 23:37:51,856 p=38824 u=rege n=ansible INFO| skipping: [pi5cam]
2026-01-28 23:37:51,858 p=38824 u=rege n=ansible INFO| TASK [Set GPU memory in config.txt] ********************************************
2026-01-28 23:37:51,859 p=38824 u=rege n=ansible INFO| Wednesday 28 January 2026  23:37:51 +0100 (0:00:00.028)       0:00:13.283 ***** 
2026-01-28 23:37:52,238 p=38824 u=rege n=ansible INFO| ok: [pi5cam]
2026-01-28 23:37:52,242 p=38824 u=rege n=ansible INFO| TASK [Disable NetworkManager-wait-online (use NetworkManager instead)] *********
2026-01-28 23:37:52,242 p=38824 u=rege n=ansible INFO| Wednesday 28 January 2026  23:37:52 +0100 (0:00:00.383)       0:00:13.666 ***** 
2026-01-28 23:37:52,773 p=38824 u=rege n=ansible INFO| ok: [pi5cam]
2026-01-28 23:37:52,777 p=38824 u=rege n=ansible INFO| TASK [Enable NetworkManager-wait-online] ***************************************
2026-01-28 23:37:52,777 p=38824 u=rege n=ansible INFO| Wednesday 28 January 2026  23:37:52 +0100 (0:00:00.535)       0:00:14.202 ***** 
2026-01-28 23:37:53,276 p=38824 u=rege n=ansible INFO| ok: [pi5cam]
2026-01-28 23:37:53,280 p=38824 u=rege n=ansible INFO| TASK [Reload systemd daemon] ***************************************************
2026-01-28 23:37:53,280 p=38824 u=rege n=ansible INFO| Wednesday 28 January 2026  23:37:53 +0100 (0:00:00.502)       0:00:14.704 ***** 
2026-01-28 23:37:54,080 p=38824 u=rege n=ansible INFO| ok: [pi5cam]
2026-01-28 23:37:54,084 p=38824 u=rege n=ansible INFO| TASK [Display completion message] **********************************************
2026-01-28 23:37:54,084 p=38824 u=rege n=ansible INFO| Wednesday 28 January 2026  23:37:54 +0100 (0:00:00.804)       0:00:15.508 ***** 
2026-01-28 23:37:54,097 p=38824 u=rege n=ansible INFO| ok: [pi5cam] => {
    "msg": "============================================================\nKiosk setup complete!\n============================================================\n\nThe kiosk will start automatically on next boot.\n\nConfiguration:\n  - URL: http://192.168.1.233:3005/?touch=1\n  - Display rotation: rotate-90\n  - Service: kiosk.service\n\nTo manually control the kiosk:\n  sudo systemctl start kiosk.service\n  sudo systemctl stop kiosk.service\n  sudo systemctl restart kiosk.service\n  sudo journalctl -u kiosk.service -f\n\nEmergency access:\n  - SSH: ssh rege@pi5cam.local\n  - Console: Press CTRL+ALT+F2\n\nReboot required to apply all changes.\n============================================================\n"
}
2026-01-28 23:37:54,101 p=38824 u=rege n=ansible INFO| RUNNING HANDLER [restart kiosk] ************************************************
2026-01-28 23:37:54,101 p=38824 u=rege n=ansible INFO| Wednesday 28 January 2026  23:37:54 +0100 (0:00:00.017)       0:00:15.526 ***** 
2026-01-28 23:37:58,419 p=38824 u=rege n=ansible INFO| changed: [pi5cam]
2026-01-28 23:37:58,420 p=38824 u=rege n=ansible INFO| PLAY RECAP *********************************************************************
2026-01-28 23:37:58,420 p=38824 u=rege n=ansible INFO| pi5cam                     : ok=25   changed=2    unreachable=0    failed=0    skipped=2    rescued=0    ignored=0   
2026-01-28 23:37:58,421 p=38824 u=rege n=ansible INFO| PLAYBOOK RECAP *****************************************************************
2026-01-28 23:37:58,421 p=38824 u=rege n=ansible INFO| Playbook run took 0 days, 0 hours, 0 minutes, 19 seconds

2026-01-28 23:37:58,421 p=38824 u=rege n=ansible INFO| TASKS RECAP ********************************************************************
2026-01-28 23:37:58,421 p=38824 u=rege n=ansible INFO| Wednesday 28 January 2026  23:37:58 +0100 (0:00:04.319)       0:00:19.845 ***** 
2026-01-28 23:37:58,421 p=38824 u=rege n=ansible INFO| =============================================================================== 
2026-01-28 23:37:58,421 p=38824 u=rege n=ansible INFO| restart kiosk ----------------------------------------------------------- 4.32s
2026-01-28 23:37:58,421 p=38824 u=rege n=ansible INFO| Upgrade all packages ---------------------------------------------------- 2.86s
2026-01-28 23:37:58,421 p=38824 u=rege n=ansible INFO| Update apt cache -------------------------------------------------------- 1.54s
2026-01-28 23:37:58,421 p=38824 u=rege n=ansible INFO| Install kiosk packages -------------------------------------------------- 1.42s
2026-01-28 23:37:58,421 p=38824 u=rege n=ansible INFO| Deploy kiosk systemd service -------------------------------------------- 0.94s
2026-01-28 23:37:58,421 p=38824 u=rege n=ansible INFO| Enable kiosk service ---------------------------------------------------- 0.92s
2026-01-28 23:37:58,421 p=38824 u=rege n=ansible INFO| Reload systemd daemon --------------------------------------------------- 0.80s
2026-01-28 23:37:58,421 p=38824 u=rege n=ansible INFO| Deploy Weston configuration --------------------------------------------- 0.74s
2026-01-28 23:37:58,421 p=38824 u=rege n=ansible INFO| Enable seatd service ---------------------------------------------------- 0.62s
2026-01-28 23:37:58,421 p=38824 u=rege n=ansible INFO| Disable NetworkManager-wait-online (use NetworkManager instead) --------- 0.54s
2026-01-28 23:37:58,421 p=38824 u=rege n=ansible INFO| Add user to video group (for seatd access) ------------------------------ 0.51s
2026-01-28 23:37:58,421 p=38824 u=rege n=ansible INFO| Enable NetworkManager-wait-online --------------------------------------- 0.50s
2026-01-28 23:37:58,421 p=38824 u=rege n=ansible INFO| Enable loginctl linger for kiosk user ----------------------------------- 0.42s
2026-01-28 23:37:58,421 p=38824 u=rege n=ansible INFO| Backup cmdline.txt ------------------------------------------------------ 0.39s
2026-01-28 23:37:58,421 p=38824 u=rege n=ansible INFO| Check for getty autologin override -------------------------------------- 0.39s
2026-01-28 23:37:58,421 p=38824 u=rege n=ansible INFO| Create squeekboard configuration directory ------------------------------ 0.39s
2026-01-28 23:37:58,421 p=38824 u=rege n=ansible INFO| Set default systemd target to multi-user -------------------------------- 0.38s
2026-01-28 23:37:58,421 p=38824 u=rege n=ansible INFO| Set GPU memory in config.txt -------------------------------------------- 0.38s
2026-01-28 23:37:58,421 p=38824 u=rege n=ansible INFO| Read current cmdline.txt ------------------------------------------------ 0.38s
2026-01-28 23:37:58,421 p=38824 u=rege n=ansible INFO| Create Weston config directory ------------------------------------------ 0.36s
